<?xml version="1.0" encoding="UTF-8" standalone="yes"?><!DOCTYPE report PUBLIC "-//JACOCO//DTD Report 1.1//EN" "report.dtd"><report name="Petitions"><sessioninfo id="cs-8151495927-default-eb0de9b" start="1654463238487" dump="1654463239229"/><sessioninfo id="cs-8151495927-default-64fabb69" start="1654464827129" dump="1654464827770"/><sessioninfo id="cs-8151495927-default-fd8c8820" start="1654464967901" dump="1654464968661"/><sessioninfo id="cs-8151495927-default-aa5d37aa" start="1654465060639" dump="1654465061466"/><sessioninfo id="cs-8151495927-default-36d64818" start="1654465281717" dump="1654465282401"/><sessioninfo id="cs-8151495927-default-7e6d4a60" start="1654465575775" dump="1654465576555"/><sessioninfo id="cs-8151495927-default-850446be" start="1654479883904" dump="1654479884769"/><sessioninfo id="cs-8151495927-default-f7181f15" start="1654480679634" dump="1654480680340"/><sessioninfo id="cs-8151495927-default-6d444179" start="1654480907517" dump="1654480908321"/><sessioninfo id="cs-8151495927-default-5148d0be" start="1654481523499" dump="1654481524132"/><sessioninfo id="cs-8151495927-default-388a7a6a" start="1654484987607" dump="1654484988313"/><sessioninfo id="cs-8151495927-default-8fc49578" start="1654485187735" dump="1654485188443"/><sessioninfo id="cs-8151495927-default-eb2d3d54" start="1654485430110" dump="1654485430835"/><sessioninfo id="cs-8151495927-default-54e1607d" start="1654486082876" dump="1654486083527"/><sessioninfo id="cs-8151495927-default-d31c0e0e" start="1654486197289" dump="1654486198038"/><sessioninfo id="cs-8151495927-default-30461a0b" start="1654486445810" dump="1654486446547"/><sessioninfo id="cs-8151495927-default-aed32027" start="1654486653462" dump="1654486654268"/><sessioninfo id="cs-8151495927-default-533beb7a" start="1654487094699" dump="1654487095484"/><sessioninfo id="cs-8151495927-default-6a67fe9c" start="1654487311506" dump="1654487312204"/><sessioninfo id="cs-8151495927-default-43e16ca" start="1654487432442" dump="1654487433150"/><sessioninfo id="cs-8151495927-default-19e20a7c" start="1654487751308" dump="1654487751956"/><sessioninfo id="cs-8151495927-default-ce9de01e" start="1654487901245" dump="1654487901959"/><sessioninfo id="cs-8151495927-default-d6099995" start="1654488033177" dump="1654488033964"/><sessioninfo id="cs-8151495927-default-ca8e6e17" start="1654488190162" dump="1654488190858"/><sessioninfo id="cs-8151495927-default-5e4bf763" start="1654503696827" dump="1654503697626"/><sessioninfo id="cs-8151495927-default-ef8caee5" start="1654503855614" dump="1654503856213"/><sessioninfo id="cs-8151495927-default-5fa608db" start="1654504027818" dump="1654504028401"/><sessioninfo id="cs-8151495927-default-d17f16ac" start="1654504199512" dump="1654504200126"/><sessioninfo id="cs-8151495927-default-45539f88" start="1654505159911" dump="1654505160494"/><sessioninfo id="cs-8151495927-default-d847416c" start="1654505373445" dump="1654505374154"/><sessioninfo id="cs-8151495927-default-6231b0d4" start="1654505476950" dump="1654505477557"/><sessioninfo id="cs-8151495927-default-de61c1eb" start="1654506588072" dump="1654506588669"/><sessioninfo id="cs-8151495927-default-8c8feb3a" start="1654507094410" dump="1654507095101"/><sessioninfo id="cs-8151495927-default-2a975144" start="1654507452095" dump="1654507452776"/><sessioninfo id="cs-8151495927-default-31e66950" start="1654507594997" dump="1654507595740"/><sessioninfo id="cs-8151495927-default-4e7c1b1d" start="1654507741173" dump="1654507741907"/><sessioninfo id="cs-8151495927-default-6209beeb" start="1654507755008" dump="1654507755658"/><sessioninfo id="cs-8151495927-default-358f9ec3" start="1654508000269" dump="1654508000959"/><sessioninfo id="cs-8151495927-default-1d4e7caf" start="1654508219406" dump="1654508220120"/><sessioninfo id="cs-8151495927-default-c8945382" start="1654508367639" dump="1654508368279"/><sessioninfo id="cs-8151495927-default-b1f177e9" start="1654531344621" dump="1654531345292"/><sessioninfo id="cs-8151495927-default-14275628" start="1654531920518" dump="1654531921207"/><sessioninfo id="cs-8151495927-default-750d8183" start="1654532743967" dump="1654532744602"/><sessioninfo id="cs-8151495927-default-336cf85d" start="1654533211257" dump="1654533211986"/><sessioninfo id="cs-8151495927-default-fb1ca490" start="1654646751541" dump="1654646752350"/><sessioninfo id="cs-8151495927-default-10e3ec3c" start="1654646805233" dump="1654646805859"/><sessioninfo id="cs-8151495927-default-aa36fedf" start="1654646866136" dump="1654646866716"/><sessioninfo id="cs-8151495927-default-85e0f8c7" start="1654647695636" dump="1654647696404"/><sessioninfo id="cs-8151495927-default-e8099baf" start="1654648400163" dump="1654648400808"/><sessioninfo id="cs-8151495927-default-f1d6da9b" start="1654648976182" dump="1654648976723"/><sessioninfo id="cs-8151495927-default-bb4b2756" start="1654649009150" dump="1654649009814"/><sessioninfo id="cs-8151495927-default-a8c68402" start="1654649212199" dump="1654649212850"/><sessioninfo id="cs-8151495927-default-6ec4f53" start="1654651084646" dump="1654651085262"/><sessioninfo id="cs-8151495927-default-22e406b1" start="1654651218199" dump="1654651218822"/><sessioninfo id="cs-8151495927-default-7a3e7990" start="1654773330570" dump="1654773331541"/><sessioninfo id="cs-8151495927-default-cbb20b5" start="1654847414949" dump="1654847415817"/><sessioninfo id="cs-8151495927-default-53b27ad0" start="1654847562896" dump="1654847563582"/><sessioninfo id="cs-8151495927-default-7dda2f84" start="1654847770941" dump="1654847771615"/><sessioninfo id="cs-8151495927-default-a0ec0f74" start="1654891351964" dump="1654891352751"/><sessioninfo id="cs-8151495927-default-61eca579" start="1654891676129" dump="1654891676802"/><sessioninfo id="cs-8151495927-default-6b67666a" start="1654891783923" dump="1654891784527"/><sessioninfo id="cs-8151495927-default-1d4fdb5c" start="1654891975316" dump="1654891976035"/><sessioninfo id="cs-8151495927-default-4dc79c43" start="1654893636051" dump="1654893636648"/><sessioninfo id="cs-8151495927-default-3e0bca7b" start="1654893856314" dump="1654893856930"/><sessioninfo id="cs-8151495927-default-5ac7b032" start="1654893958065" dump="1654893958716"/><sessioninfo id="cs-8151495927-default-d3f75f26" start="1654894093558" dump="1654894094164"/><sessioninfo id="cs-8151495927-default-9f1ae0aa" start="1654894356533" dump="1654894357187"/><sessioninfo id="cs-8151495927-default-2ba4bb7d" start="1654894439282" dump="1654894439896"/><sessioninfo id="cs-8151495927-default-21ce7bde" start="1654894558558" dump="1654894559295"/><sessioninfo id="cs-8151495927-default-671cc1a2" start="1654894713846" dump="1654894714453"/><sessioninfo id="cs-8151495927-default-de3a068f" start="1654897657470" dump="1654897658111"/><sessioninfo id="cs-8151495927-default-c1fa48fe" start="1654897911317" dump="1654897912002"/><sessioninfo id="cs-8151495927-default-e6562e6c" start="1654899600985" dump="1654899601609"/><sessioninfo id="cs-8151495927-default-16099a91" start="1654900292116" dump="1654900292803"/><sessioninfo id="cs-8151495927-default-cf42198b" start="1654900719486" dump="1654900720120"/><sessioninfo id="cs-8151495927-default-eb330286" start="1654902021044" dump="1654902021773"/><sessioninfo id="cs-8151495927-default-958505e4" start="1654902459209" dump="1654902459764"/><sessioninfo id="cs-8151495927-default-a5058463" start="1654902739295" dump="1654902739938"/><sessioninfo id="cs-8151495927-default-54de87f7" start="1654903075418" dump="1654903076009"/><sessioninfo id="cs-8151495927-default-9df9c6c2" start="1654907888141" dump="1654907888697"/><sessioninfo id="cs-8151495927-default-d8b230d3" start="1654908012278" dump="1654908012877"/><sessioninfo id="cs-8151495927-default-3428d097" start="1654908680785" dump="1654908681426"/><sessioninfo id="cs-8151495927-default-4a08b5e8" start="1654911418778" dump="1654911419411"/><sessioninfo id="cs-8151495927-default-4bf3bfc5" start="1654944753834" dump="1654944754651"/><sessioninfo id="cs-8151495927-default-c567dae3" start="1654944852913" dump="1654944853523"/><sessioninfo id="cs-8151495927-default-d41cca60" start="1654944950952" dump="1654944951597"/><sessioninfo id="cs-8151495927-default-60160a4b" start="1654945237149" dump="1654945237875"/><sessioninfo id="cs-8151495927-default-30dc5b9b" start="1654945463666" dump="1654945464261"/><sessioninfo id="cs-8151495927-default-f14bf1f1" start="1654945829670" dump="1654945830294"/><sessioninfo id="cs-8151495927-default-8017cc83" start="1654946072765" dump="1654946073460"/><sessioninfo id="cs-8151495927-default-175d153c" start="1654946523567" dump="1654946524280"/><sessioninfo id="cs-8151495927-default-834b6a17" start="1654946679056" dump="1654946679775"/><sessioninfo id="cs-8151495927-default-1dc3df97" start="1654946977038" dump="1654946977659"/><sessioninfo id="cs-8151495927-default-5703e328" start="1654950540992" dump="1654950541636"/><sessioninfo id="cs-8151495927-default-828eea27" start="1654950815979" dump="1654950816614"/><sessioninfo id="cs-8151495927-default-2df6eb77" start="1654950985142" dump="1654950985821"/><sessioninfo id="cs-8151495927-default-8a8eb427" start="1654951141411" dump="1654951142013"/><sessioninfo id="cs-8151495927-default-a2b67727" start="1654951616226" dump="1654951616967"/><sessioninfo id="cs-8151495927-default-5ad0a07a" start="1654951687006" dump="1654951687618"/><sessioninfo id="cs-8151495927-default-8f8e65a5" start="1654953945729" dump="1654953946382"/><sessioninfo id="cs-8151495927-default-21ddb1e9" start="1654954463929" dump="1654954464511"/><sessioninfo id="cs-8151495927-default-6d0c378b" start="1654954599871" dump="1654954600513"/><sessioninfo id="cs-8151495927-default-97e1ac08" start="1654954737875" dump="1654954738477"/><sessioninfo id="cs-8151495927-default-678637f7" start="1654954897641" dump="1654954898243"/><sessioninfo id="cs-8151495927-default-32550ad1" start="1654955133397" dump="1654955133969"/><sessioninfo id="cs-8151495927-default-b357b8db" start="1654955229457" dump="1654955230114"/><sessioninfo id="cs-8151495927-default-e908c10b" start="1654955361884" dump="1654955362462"/><sessioninfo id="cs-8151495927-default-3136ff62" start="1654955479837" dump="1654955480497"/><sessioninfo id="cs-8151495927-default-dfd654aa" start="1654955490882" dump="1654955491590"/><sessioninfo id="cs-8151495927-default-54e5629b" start="1654955554139" dump="1654955554857"/><sessioninfo id="cs-8151495927-default-7e266933" start="1654955721652" dump="1654955722242"/><sessioninfo id="cs-8151495927-default-269d12d8" start="1654955792021" dump="1654955792707"/><sessioninfo id="cs-8151495927-default-ff202eca" start="1654956014289" dump="1654956014902"/><sessioninfo id="cs-8151495927-default-a17143cf" start="1654956181374" dump="1654956181953"/><sessioninfo id="cs-8151495927-default-4e2bf9a" start="1654956341952" dump="1654956342637"/><sessioninfo id="cs-8151495927-default-7b7109bb" start="1654956501566" dump="1654956502250"/><sessioninfo id="cs-8151495927-default-4b7fb294" start="1654956963547" dump="1654956964252"/><sessioninfo id="cs-8151495927-default-146fa131" start="1654968020710" dump="1654968021473"/><sessioninfo id="cs-8151495927-default-8c5b2e66" start="1654968624836" dump="1654968625503"/><sessioninfo id="cs-8151495927-default-4912f30b" start="1654975605029" dump="1654975605704"/><sessioninfo id="cs-8151495927-default-bd246e6c" start="1654976485928" dump="1654976486640"/><sessioninfo id="cs-8151495927-default-f7a45127" start="1654978088155" dump="1654978088778"/><sessioninfo id="cs-8151495927-default-2b26212e" start="1654978268082" dump="1654978268666"/><sessioninfo id="cs-8151495927-default-51250477" start="1654983609572" dump="1654983610311"/><sessioninfo id="cs-8151495927-default-f849d475" start="1655082504397" dump="1655082505225"/><sessioninfo id="cs-8151495927-default-265eeeaa" start="1655082733237" dump="1655082733942"/><sessioninfo id="cs-8151495927-default-bfff5efb" start="1655082888845" dump="1655082889481"/><sessioninfo id="cs-8151495927-default-ebe855c0" start="1655083109394" dump="1655083110005"/><sessioninfo id="cs-8151495927-default-ffc9d6e2" start="1655083236732" dump="1655083237393"/><sessioninfo id="cs-8151495927-default-e483e2e8" start="1655083469256" dump="1655083469988"/><sessioninfo id="cs-8151495927-default-23ece1a5" start="1655085310108" dump="1655085310783"/><sessioninfo id="cs-8151495927-default-c80b559c" start="1655085484754" dump="1655085485487"/><sessioninfo id="cs-8151495927-default-e98e67a6" start="1655086420907" dump="1655086421702"/><sessioninfo id="cs-8151495927-default-c2b8e7a1" start="1655086536812" dump="1655086537537"/><sessioninfo id="cs-8151495927-default-7a81dd5c" start="1655087363564" dump="1655087364194"/><sessioninfo id="cs-8151495927-default-b57677ff" start="1655088416406" dump="1655088417064"/><sessioninfo id="cs-8151495927-default-d24b83f7" start="1655088811066" dump="1655088811847"/><sessioninfo id="cs-8151495927-default-9ae265b" start="1655089026842" dump="1655089027547"/><sessioninfo id="cs-8151495927-default-259348e2" start="1655089259454" dump="1655089260128"/><sessioninfo id="cs-8151495927-default-98ce0019" start="1655111562796" dump="1655111563570"/><sessioninfo id="cs-8151495927-default-4ae76441" start="1655112239084" dump="1655112239681"/><sessioninfo id="cs-8151495927-default-14ebde5b" start="1655112361226" dump="1655112361927"/><sessioninfo id="cs-8151495927-default-6f95347f" start="1655112557432" dump="1655112558119"/><sessioninfo id="cs-8151495927-default-dc22f4af" start="1655112867944" dump="1655112868619"/><sessioninfo id="cs-8151495927-default-615a24be" start="1655114496118" dump="1655114496696"/><sessioninfo id="cs-8151495927-default-80df3b6e" start="1655114673111" dump="1655114673821"/><sessioninfo id="cs-8151495927-default-36da711a" start="1655114936826" dump="1655114937398"/><sessioninfo id="cs-8151495927-default-e7aead42" start="1655115088865" dump="1655115089582"/><sessioninfo id="cs-8151495927-default-65d86293" start="1655115305364" dump="1655115306058"/><sessioninfo id="cs-8151495927-default-33980bcc" start="1655115959862" dump="1655115960605"/><sessioninfo id="cs-8151495927-default-8ac9e69d" start="1655116324863" dump="1655116325480"/><sessioninfo id="cs-8151495927-default-85ddd629" start="1655116462007" dump="1655116462641"/><sessioninfo id="cs-8151495927-default-b7026803" start="1655116738401" dump="1655116739119"/><sessioninfo id="cs-8151495927-default-bf78f582" start="1655116860664" dump="1655116861411"/><sessioninfo id="cs-8151495927-default-cd6a209d" start="1655116978463" dump="1655116979192"/><sessioninfo id="cs-8151495927-default-86dbc59b" start="1655117226712" dump="1655117227372"/><sessioninfo id="cs-8151495927-default-a58834c9" start="1655117324689" dump="1655117325387"/><sessioninfo id="cs-8151495927-default-7ca783e5" start="1655117613182" dump="1655117613875"/><sessioninfo id="cs-8151495927-default-d3afbd2" start="1655117719547" dump="1655117720214"/><sessioninfo id="cs-8151495927-default-fc093fe8" start="1655131767828" dump="1655131768523"/><sessioninfo id="cs-8151495927-default-4d56e723" start="1655132972025" dump="1655132972731"/><sessioninfo id="cs-8151495927-default-c115842e" start="1655134048763" dump="1655134050291"/><sessioninfo id="cs-8151495927-default-15a0d5fb" start="1655134136489" dump="1655134137147"/><sessioninfo id="cs-8151495927-default-686c2af" start="1655134372745" dump="1655134373368"/><sessioninfo id="cs-8151495927-default-412b5fc1" start="1655134621218" dump="1655134621840"/><sessioninfo id="cs-8151495927-default-ace5a180" start="1655135032376" dump="1655135033049"/><sessioninfo id="cs-8151495927-default-66b1728f" start="1655135246408" dump="1655135247135"/><sessioninfo id="cs-8151495927-default-1face691" start="1655135383594" dump="1655135384234"/><sessioninfo id="cs-8151495927-default-95da9737" start="1655135584578" dump="1655135585367"/><sessioninfo id="cs-8151495927-default-ac24f70b" start="1655135742508" dump="1655135743237"/><sessioninfo id="cs-8151495927-default-65d70acc" start="1655136839082" dump="1655136839968"/><sessioninfo id="cs-8151495927-default-56d25ecb" start="1655136946838" dump="1655136947516"/><sessioninfo id="cs-8151495927-default-ab4ac0e5" start="1655137111003" dump="1655137111869"/><sessioninfo id="cs-8151495927-default-b8782ac6" start="1655137264001" dump="1655137264774"/><sessioninfo id="cs-8151495927-default-6e2b19a8" start="1655137430553" dump="1655137431263"/><sessioninfo id="cs-8151495927-default-bd31000f" start="1655137563332" dump="1655137564165"/><sessioninfo id="cs-8151495927-default-77ff29dc" start="1655137683712" dump="1655137684494"/><sessioninfo id="cs-8151495927-default-938677a2" start="1655158610673" dump="1655158611560"/><sessioninfo id="cs-8151495927-default-2e0099a4" start="1655158851597" dump="1655158852240"/><sessioninfo id="cs-8151495927-default-2e4699e2" start="1655159116552" dump="1655159117213"/><sessioninfo id="cs-8151495927-default-aad60bcc" start="1655159460740" dump="1655159461333"/><sessioninfo id="cs-8151495927-default-d6b3eac4" start="1655160144851" dump="1655160145604"/><sessioninfo id="cs-8151495927-default-fd23c71b" start="1655160346244" dump="1655160346887"/><sessioninfo id="cs-8151495927-default-f5e63354" start="1655160515017" dump="1655160515707"/><sessioninfo id="cs-8151495927-default-316b6b17" start="1655160768247" dump="1655160768986"/><sessioninfo id="cs-8151495927-default-553d9ca8" start="1655161456023" dump="1655161456599"/><sessioninfo id="cs-8151495927-default-625e994b" start="1655161734100" dump="1655161734811"/><sessioninfo id="cs-8151495927-default-3252ba40" start="1655161999761" dump="1655162000412"/><sessioninfo id="cs-8151495927-default-da5eb9a5" start="1655162195530" dump="1655162196228"/><sessioninfo id="cs-8151495927-default-19f0c286" start="1655162719319" dump="1655162720016"/><sessioninfo id="cs-8151495927-default-3448a51d" start="1655162931911" dump="1655162932584"/><sessioninfo id="cs-8151495927-default-5a98f4d6" start="1655163127132" dump="1655163127859"/><sessioninfo id="cs-8151495927-default-3b468f08" start="1655163181895" dump="1655163182638"/><sessioninfo id="cs-8151495927-default-54d70d85" start="1655163321517" dump="1655163322297"/><sessioninfo id="cs-8151495927-default-d713418b" start="1655163610496" dump="1655163611141"/><sessioninfo id="cs-8151495927-default-80135af1" start="1655164476786" dump="1655164477441"/><sessioninfo id="cs-8151495927-default-e01b74a1" start="1655506830364" dump="1655506831175"/><sessioninfo id="cs-8151495927-default-46df0693" start="1655511681515" dump="1655511682253"/><sessioninfo id="cs-8151495927-default-22e54c35" start="1655511916710" dump="1655511917335"/><sessioninfo id="cs-8151495927-default-71d5202a" start="1655514019172" dump="1655514019829"/><sessioninfo id="cs-8151495927-default-ae3bfc2c" start="1655514206035" dump="1655514206660"/><sessioninfo id="cs-8151495927-default-27d6c016" start="1655514624588" dump="1655514625270"/><sessioninfo id="cs-8151495927-default-2e3e77b8" start="1655514728883" dump="1655514729509"/><sessioninfo id="cs-8151495927-default-2d555b3d" start="1655515003082" dump="1655515003708"/><sessioninfo id="cs-8151495927-default-58ec6869" start="1655515169834" dump="1655515170474"/><sessioninfo id="cs-8151495927-default-b89f528a" start="1655515628456" dump="1655515629164"/><sessioninfo id="cs-8151495927-default-693c456" start="1655516324675" dump="1655516325297"/><sessioninfo id="cs-8151495927-default-7b1f0415" start="1655516810532" dump="1655516811230"/><sessioninfo id="cs-8151495927-default-fba9617c" start="1655517018127" dump="1655517018752"/><sessioninfo id="cs-8151495927-default-a67bbf39" start="1655517316460" dump="1655517317095"/><sessioninfo id="cs-8151495927-default-40aa0d80" start="1655517968374" dump="1655517968982"/><sessioninfo id="cs-8151495927-default-d7849ac0" start="1655632480616" dump="1655632481660"/><sessioninfo id="cs-8151495927-default-e93b59f" start="1655632777089" dump="1655632777746"/><sessioninfo id="cs-8151495927-default-8bf08b80" start="1655633082444" dump="1655633083181"/><sessioninfo id="cs-8151495927-default-8d5d7646" start="1655633490914" dump="1655633491685"/><sessioninfo id="cs-8151495927-default-449d6337" start="1655633638045" dump="1655633638821"/><sessioninfo id="cs-8151495927-default-53237229" start="1655634119139" dump="1655634119864"/><sessioninfo id="cs-8151495927-default-cbfa0b50" start="1655634322435" dump="1655634323202"/><sessioninfo id="cs-8151495927-default-d25ae4f9" start="1655635998547" dump="1655635999193"/><sessioninfo id="cs-8151495927-default-141014f4" start="1655636057015" dump="1655636057630"/><sessioninfo id="cs-8151495927-default-4264bba3" start="1655636615566" dump="1655636616282"/><sessioninfo id="cs-8151495927-default-571bf158" start="1655636768617" dump="1655636769279"/><sessioninfo id="cs-8151495927-default-ef99188d" start="1655637016663" dump="1655637017331"/><sessioninfo id="cs-8151495927-default-c6ed9748" start="1655637093542" dump="1655637094206"/><sessioninfo id="cs-8151495927-default-3c883886" start="1655637395601" dump="1655637396284"/><sessioninfo id="cs-8151495927-default-8240e600" start="1655638815590" dump="1655638816233"/><sessioninfo id="cs-8151495927-default-40f901ba" start="1655652664442" dump="1655652665169"/><sessioninfo id="cs-8151495927-default-fb18f1e4" start="1655652826075" dump="1655652826662"/><sessioninfo id="cs-8151495927-default-ef8318de" start="1655653028315" dump="1655653028970"/><sessioninfo id="cs-8151495927-default-39a214f3" start="1655654009399" dump="1655654010058"/><sessioninfo id="cs-8151495927-default-8cb28a6e" start="1655654512853" dump="1655654513563"/><sessioninfo id="cs-8151495927-default-6b8c8707" start="1655655776318" dump="1655655777047"/><sessioninfo id="cs-8151495927-default-6ebacf78" start="1655655907893" dump="1655655908631"/><sessioninfo id="cs-8151495927-default-db989e87" start="1655657102761" dump="1655657103525"/><sessioninfo id="cs-8151495927-default-103e35a9" start="1655658231337" dump="1655658231956"/><sessioninfo id="cs-8151495927-default-d4a9a5a0" start="1655658390123" dump="1655658390834"/><sessioninfo id="cs-8151495927-default-cb337729" start="1655658772658" dump="1655658773369"/><sessioninfo id="cs-8151495927-default-dd929c92" start="1655672203501" dump="1655672204350"/><sessioninfo id="cs-8151495927-default-f2869d69" start="1655672517136" dump="1655672517795"/><sessioninfo id="cs-8151495927-default-c365582d" start="1655674701749" dump="1655674702533"/><sessioninfo id="cs-8151495927-default-a7c67cfa" start="1655674866153" dump="1655674866905"/><sessioninfo id="cs-8151495927-default-3b946091" start="1655674934720" dump="1655674935505"/><sessioninfo id="cs-8151495927-default-8e5cc8c4" start="1655675377630" dump="1655675378302"/><sessioninfo id="cs-8151495927-default-7e57b0a6" start="1655676051720" dump="1655676052474"/><sessioninfo id="cs-8151495927-default-430bd1bb" start="1655676755946" dump="1655676756660"/><sessioninfo id="cs-8151495927-default-a5c5d698" start="1655676859974" dump="1655676860643"/><sessioninfo id="cs-8151495927-default-481ad863" start="1655677469611" dump="1655677470369"/><sessioninfo id="cs-8151495927-default-7c5da2d5" start="1655678497935" dump="1655678498706"/><sessioninfo id="cs-8151495927-default-20177566" start="1655678650564" dump="1655678651256"/><sessioninfo id="cs-8151495927-default-18b1c793" start="1655678721867" dump="1655678722485"/><sessioninfo id="cs-8151495927-default-ad0c4a6e" start="1655678880429" dump="1655678881062"/><sessioninfo id="cs-8151495927-default-badb1751" start="1655679948203" dump="1655679948891"/><sessioninfo id="cs-8151495927-default-1f9bd713" start="1655682989333" dump="1655682990077"/><sessioninfo id="cs-8151495927-default-32edc046" start="1655709351280" dump="1655709351991"/><sessioninfo id="cs-8151495927-default-fa518d9c" start="1655709630224" dump="1655709630906"/><sessioninfo id="cs-8151495927-default-73f70c3a" start="1655720240414" dump="1655720241259"/><sessioninfo id="cs-8151495927-default-4e3bb4a" start="1655720583244" dump="1655720583919"/><sessioninfo id="cs-8151495927-default-17214cff" start="1655720734394" dump="1655720735086"/><sessioninfo id="cs-8151495927-default-f9a46ada" start="1655720964620" dump="1655720965346"/><sessioninfo id="cs-8151495927-default-67727854" start="1655756995615" dump="1655756996371"/><sessioninfo id="cs-8151495927-default-60f0d2e4" start="1655757281806" dump="1655757282494"/><sessioninfo id="cs-8151495927-default-ee285de2" start="1655757405760" dump="1655757406377"/><sessioninfo id="cs-8151495927-default-33b6b320" start="1655757879509" dump="1655757880125"/><sessioninfo id="cs-8151495927-default-85d44740" start="1655758621393" dump="1655758622067"/><sessioninfo id="cs-8151495927-default-4e3c1568" start="1655759342112" dump="1655759342805"/><sessioninfo id="cs-8151495927-default-3c4fddfc" start="1655760256961" dump="1655760257613"/><sessioninfo id="cs-8151495927-default-e757e535" start="1655760643958" dump="1655760644586"/><sessioninfo id="cs-8151495927-default-57506e2a" start="1655760898148" dump="1655760898828"/><sessioninfo id="cs-8151495927-default-8f041aa7" start="1655761066060" dump="1655761066636"/><sessioninfo id="cs-8151495927-default-9f383bb6" start="1655761385184" dump="1655761385742"/><sessioninfo id="cs-8151495927-default-4d653ed7" start="1655761465628" dump="1655761466254"/><sessioninfo id="cs-8151495927-default-dd883338" start="1655761745792" dump="1655761746436"/><sessioninfo id="cs-8151495927-default-c17c105d" start="1655761769584" dump="1655761770185"/><sessioninfo id="cs-8151495927-default-51ebd3" start="1655761837033" dump="1655761837735"/><sessioninfo id="cs-8151495927-default-9a68608a" start="1655762915638" dump="1655762916406"/><sessioninfo id="cs-8151495927-default-c574f1f1" start="1655763327520" dump="1655763328203"/><sessioninfo id="cs-8151495927-default-557c5776" start="1655763479685" dump="1655763480369"/><sessioninfo id="cs-8151495927-default-97d0f242" start="1655763602213" dump="1655763602921"/><sessioninfo id="cs-8151495927-default-90fce884" start="1655764038142" dump="1655764038754"/><sessioninfo id="cs-8151495927-default-9b23d9a2" start="1655764128847" dump="1655764129479"/><sessioninfo id="cs-8151495927-default-183a7b62" start="1655764262975" dump="1655764263620"/><sessioninfo id="cs-8151495927-default-4f81fe81" start="1655764389133" dump="1655764389810"/><sessioninfo id="cs-8151495927-default-97c551c9" start="1655764571743" dump="1655764572486"/><sessioninfo id="cs-8151495927-default-8eba10f6" start="1655764789656" dump="1655764790305"/><sessioninfo id="cs-8151495927-default-79376e0a" start="1655764935601" dump="1655764936256"/><sessioninfo id="cs-8151495927-default-318e27f9" start="1655766801624" dump="1655766802220"/><sessioninfo id="cs-8151495927-default-eecf74ac" start="1655767779491" dump="1655767780117"/><sessioninfo id="cs-8151495927-default-d4b91edb" start="1655768032073" dump="1655768032826"/><sessioninfo id="cs-8151495927-default-832a3699" start="1655768185442" dump="1655768186072"/><sessioninfo id="cs-8151495927-default-1cc532f4" start="1655769007720" dump="1655769008379"/><sessioninfo id="cs-8151495927-default-3ff2b0e3" start="1655769334077" dump="1655769334802"/><sessioninfo id="cs-8151495927-default-8cbf1e29" start="1655769559915" dump="1655769560649"/><sessioninfo id="cs-8151495927-default-d98b6c60" start="1655770535297" dump="1655770535888"/><sessioninfo id="cs-8151495927-default-6f6e6ef8" start="1655771781369" dump="1655771782019"/><sessioninfo id="cs-8151495927-default-8f6c5204" start="1655771965886" dump="1655771966523"/><sessioninfo id="cs-8151495927-default-704761f6" start="1655772192698" dump="1655772193337"/><sessioninfo id="cs-8151495927-default-9959eb3" start="1655772386815" dump="1655772387506"/><sessioninfo id="cs-8151495927-default-eacf9f62" start="1655772478782" dump="1655772479436"/><sessioninfo id="cs-8151495927-default-e692eb0d" start="1655772822788" dump="1655772823462"/><sessioninfo id="cs-8151495927-default-6e437692" start="1655773036904" dump="1655773037657"/><sessioninfo id="cs-8151495927-default-195294d9" start="1655773140188" dump="1655773140786"/><sessioninfo id="cs-8151495927-default-80f2fa2e" start="1655774002667" dump="1655774003272"/><sessioninfo id="cs-8151495927-default-1666e208" start="1655774313668" dump="1655774314270"/><sessioninfo id="cs-8151495927-default-7eb44ce" start="1655774421440" dump="1655774422109"/><sessioninfo id="cs-8151495927-default-fce1d8cc" start="1655774598779" dump="1655774599425"/><sessioninfo id="cs-8151495927-default-9e63dd65" start="1655775265593" dump="1655775266210"/><sessioninfo id="cs-8151495927-default-88ce80f1" start="1655775451552" dump="1655775452182"/><sessioninfo id="cs-8151495927-default-77220724" start="1655795223111" dump="1655795223837"/><sessioninfo id="cs-8151495927-default-9767f770" start="1655795330295" dump="1655795330905"/><sessioninfo id="cs-8151495927-default-260d0ce7" start="1655796325877" dump="1655796326504"/><sessioninfo id="cs-8151495927-default-81138359" start="1655796449661" dump="1655796450347"/><sessioninfo id="cs-8151495927-default-4a964201" start="1655796612494" dump="1655796613160"/><sessioninfo id="cs-8151495927-default-775f766d" start="1655797140008" dump="1655797140608"/><sessioninfo id="cs-8151495927-default-24f88873" start="1655797221861" dump="1655797222499"/><sessioninfo id="cs-8151495927-default-7cc41916" start="1655797578230" dump="1655797578846"/><sessioninfo id="cs-8151495927-default-bd024415" start="1655802532583" dump="1655802533286"/><sessioninfo id="cs-8151495927-default-679fe035" start="1655802933995" dump="1655802934614"/><sessioninfo id="cs-8151495927-default-d05bbbac" start="1655805134536" dump="1655805135250"/><sessioninfo id="cs-8151495927-default-fc6be77a" start="1655812303672" dump="1655812305022"/><sessioninfo id="cs-8151495927-default-a2c61956" start="1655812665677" dump="1655812666347"/><sessioninfo id="cs-8151495927-default-759d4cc6" start="1655812750905" dump="1655812751562"/><sessioninfo id="cs-8151495927-default-4d5c4735" start="1655813487506" dump="1655813488229"/><sessioninfo id="cs-8151495927-default-7f8cb581" start="1655813940865" dump="1655813941491"/><sessioninfo id="cs-8151495927-default-cdef7b29" start="1655814130095" dump="1655814130723"/><sessioninfo id="cs-8151495927-default-2533f020" start="1655814494612" dump="1655814495229"/><sessioninfo id="cs-8151495927-default-5376a92b" start="1655817323035" dump="1655817323618"/><sessioninfo id="cs-8151495927-default-35ec79dc" start="1655817406403" dump="1655817407060"/><sessioninfo id="cs-8151495927-default-b6d00a6c" start="1655820913471" dump="1655820914130"/><sessioninfo id="cs-8151495927-default-703b2323" start="1655821560062" dump="1655821560667"/><sessioninfo id="cs-8151495927-default-c2cd0f28" start="1655825409592" dump="1655825410317"/><sessioninfo id="cs-8151495927-default-e626267d" start="1655837302884" dump="1655837303800"/><sessioninfo id="cs-8151495927-default-564a2dab" start="1655838511813" dump="1655838512506"/><sessioninfo id="cs-8151495927-default-1f00e16b" start="1655840340629" dump="1655840341380"/><sessioninfo id="cs-8151495927-default-a9efeb71" start="1655840824484" dump="1655840825116"/><sessioninfo id="cs-8151495927-default-f16ec55f" start="1655841714112" dump="1655841714836"/><sessioninfo id="cs-8151495927-default-3618c55d" start="1655841845638" dump="1655841846293"/><sessioninfo id="cs-8151495927-default-9510bbc4" start="1655842324214" dump="1655842324835"/><sessioninfo id="cs-8151495927-default-a12971bb" start="1655842520436" dump="1655842521215"/><sessioninfo id="cs-8151495927-default-349ccede" start="1655842981333" dump="1655842982053"/><sessioninfo id="cs-8151495927-default-ee4d4645" start="1655843167446" dump="1655843168199"/><sessioninfo id="cs-8151495927-default-52ea1d6d" start="1655843334570" dump="1655843335192"/><sessioninfo id="cs-8151495927-default-7c64172b" start="1655843445864" dump="1655843446625"/><sessioninfo id="cs-8151495927-default-cd55a108" start="1655844162393" dump="1655844163077"/><sessioninfo id="cs-8151495927-default-d957fc0e" start="1655844314583" dump="1655844315237"/><sessioninfo id="cs-8151495927-default-3e2b052d" start="1655844525543" dump="1655844526194"/><sessioninfo id="cs-8151495927-default-6b9e21f3" start="1655844731488" dump="1655844732224"/><sessioninfo id="cs-8151495927-default-4d5e48ff" start="1655845094084" dump="1655845094797"/><sessioninfo id="cs-8151495927-default-452ffc8a" start="1655845914409" dump="1655845915202"/><sessioninfo id="cs-8151495927-default-82836d45" start="1655846099616" dump="1655846100322"/><sessioninfo id="cs-8151495927-default-ebb5f6a" start="1655846639379" dump="1655846640102"/><sessioninfo id="cs-8151495927-default-7658b66c" start="1655848170612" dump="1655848171400"/><sessioninfo id="cs-8151495927-default-8be22c17" start="1655848458915" dump="1655848459621"/><sessioninfo id="cs-8151495927-default-2e657365" start="1655848572304" dump="1655848573014"/><sessioninfo id="cs-8151495927-default-43a35b90" start="1655848683210" dump="1655848683917"/><sessioninfo id="cs-8151495927-default-cc9a3ec5" start="1655848983325" dump="1655848983932"/><sessioninfo id="cs-8151495927-default-ffcc9d11" start="1655849676370" dump="1655849676987"/><sessioninfo id="cs-8151495927-default-83254c31" start="1655849767201" dump="1655849767835"/><sessioninfo id="cs-8151495927-default-99126982" start="1655850202491" dump="1655850203231"/><sessioninfo id="cs-8151495927-default-a11c788" start="1655850396549" dump="1655850397247"/><sessioninfo id="cs-8151495927-default-1bd1676d" start="1655851010270" dump="1655851010980"/><sessioninfo id="cs-8151495927-default-2c47edc7" start="1655851140448" dump="1655851141228"/><sessioninfo id="cs-8151495927-default-512acb3" start="1655851450698" dump="1655851451472"/><sessioninfo id="cs-8151495927-default-22a80d9d" start="1655851688248" dump="1655851688843"/><sessioninfo id="cs-8151495927-default-10d0558a" start="1655851823163" dump="1655851823840"/><sessioninfo id="cs-8151495927-default-c68ecc6d" start="1655852468535" dump="1655852469211"/><sessioninfo id="cs-8151495927-default-3c0d848a" start="1655852589784" dump="1655852590635"/><sessioninfo id="cs-8151495927-default-68d387fe" start="1655852849667" dump="1655852850391"/><sessioninfo id="cs-8151495927-default-c2358035" start="1655852997591" dump="1655852998286"/><sessioninfo id="cs-8151495927-default-612523c7" start="1655853341542" dump="1655853342255"/><sessioninfo id="cs-8151495927-default-31e9c37a" start="1655853456264" dump="1655853456880"/><sessioninfo id="cs-8151495927-default-9ff7a367" start="1655853851436" dump="1655853852098"/><sessioninfo id="cs-8151495927-default-6b0e973a" start="1655854189599" dump="1655854190250"/><sessioninfo id="cs-8151495927-default-41b21ca8" start="1655854395227" dump="1655854395828"/><sessioninfo id="cs-8151495927-default-89ea9d8a" start="1655854683712" dump="1655854684474"/><sessioninfo id="cs-8151495927-default-9e480f95" start="1655900724928" dump="1655900725789"/><sessioninfo id="cs-8151495927-default-489273da" start="1655905338191" dump="1655905338919"/><sessioninfo id="cs-8151495927-default-558ecc86" start="1655905885220" dump="1655905885935"/><sessioninfo id="cs-8151495927-default-c18c9f1" start="1655906881307" dump="1655906881987"/><sessioninfo id="cs-8151495927-default-2abf422e" start="1655907045243" dump="1655907045897"/><sessioninfo id="cs-8151495927-default-fd2ea39a" start="1655907688518" dump="1655907689087"/><sessioninfo id="cs-8151495927-default-965b1320" start="1655908175982" dump="1655908176794"/><sessioninfo id="cs-8151495927-default-6108478" start="1655908532960" dump="1655908533647"/><sessioninfo id="cs-8151495927-default-b8a44813" start="1655910321511" dump="1655910322385"/><sessioninfo id="cs-8151495927-default-770cceae" start="1655910599545" dump="1655910600198"/><sessioninfo id="cs-8151495927-default-c6cb629a" start="1655910809669" dump="1655910810294"/><sessioninfo id="cs-8151495927-default-23e0dbd3" start="1655918375085" dump="1655918376646"/><sessioninfo id="cs-8151495927-default-cd325f68" start="1655919664320" dump="1655919665012"/><sessioninfo id="cs-8151495927-default-892c5aba" start="1655920186339" dump="1655920187024"/><sessioninfo id="cs-8151495927-default-60be5e51" start="1655920320670" dump="1655920321267"/><sessioninfo id="cs-8151495927-default-e7eff2db" start="1655920567247" dump="1655920567929"/><sessioninfo id="cs-8151495927-default-6df2599d" start="1655920754427" dump="1655920755052"/><sessioninfo id="cs-8151495927-default-896bc234" start="1655921212189" dump="1655921212855"/><sessioninfo id="cs-8151495927-default-a55dd03b" start="1655922326005" dump="1655922326639"/><sessioninfo id="cs-8151495927-default-8254acc4" start="1655922553334" dump="1655922554035"/><sessioninfo id="cs-8151495927-default-f2d47181" start="1655922675298" dump="1655922675973"/><sessioninfo id="cs-8151495927-default-87143d70" start="1655922822494" dump="1655922823122"/><sessioninfo id="cs-8151495927-default-673b69c9" start="1655923168666" dump="1655923169322"/><sessioninfo id="cs-8151495927-default-ae128f2d" start="1655923580133" dump="1655923580805"/><sessioninfo id="cs-8151495927-default-8b884b70" start="1655923959305" dump="1655923959930"/><sessioninfo id="cs-8151495927-default-c2cb31a1" start="1655924438356" dump="1655924439091"/><sessioninfo id="cs-8151495927-default-158a858f" start="1655924524994" dump="1655924525718"/><sessioninfo id="cs-8151495927-default-eddebe20" start="1655926024058" dump="1655926024716"/><sessioninfo id="cs-8151495927-default-2213c172" start="1655926251318" dump="1655926251933"/><sessioninfo id="cs-8151495927-default-aa34ac1e" start="1655926519070" dump="1655926519852"/><sessioninfo id="cs-8151495927-default-b669a6e7" start="1655926870771" dump="1655926871381"/><sessioninfo id="cs-8151495927-default-8eb6eac" start="1655927149201" dump="1655927149886"/><sessioninfo id="cs-8151495927-default-58a32a80" start="1655927280967" dump="1655927281730"/><sessioninfo id="cs-8151495927-default-b8e2e412" start="1655927973289" dump="1655927974022"/><sessioninfo id="cs-8151495927-default-ae184ef9" start="1655928505366" dump="1655928506136"/><sessioninfo id="cs-8151495927-default-f3de1a83" start="1655928972971" dump="1655928973736"/><sessioninfo id="cs-8151495927-default-365435e7" start="1655929444885" dump="1655929445522"/><package name="foo"><class name="foo/Consistency$3" sourcefilename="Consistency.java"><method name="&lt;init&gt;" desc="(Lfoo/Consistency;Lcom/google/appengine/api/datastore/DatastoreService;Ljavax/servlet/http/HttpServletResponse;)V" line="119"><counter type="INSTRUCTION" missed="12" covered="0"/><counter type="LINE" missed="1" covered="0"/><counter type="COMPLEXITY" missed="1" covered="0"/><counter type="METHOD" missed="1" covered="0"/></method><method name="run" desc="()V" line="121"><counter type="INSTRUCTION" missed="47" covered="0"/><counter type="BRANCH" missed="2" covered="0"/><counter type="LINE" missed="12" covered="0"/><counter type="COMPLEXITY" missed="2" covered="0"/><counter type="METHOD" missed="1" covered="0"/></method><counter type="INSTRUCTION" missed="59" covered="0"/><counter type="BRANCH" missed="2" covered="0"/><counter type="LINE" missed="13" covered="0"/><counter type="COMPLEXITY" missed="3" covered="0"/><counter type="METHOD" missed="2" covered="0"/><counter type="CLASS" missed="1" covered="0"/></class><class name="foo/Consistency$1" sourcefilename="Consistency.java"><method name="&lt;init&gt;" desc="(Lfoo/Consistency;Lcom/google/appengine/api/datastore/DatastoreService;)V" line="74"><counter type="INSTRUCTION" missed="9" covered="0"/><counter type="LINE" missed="1" covered="0"/><counter type="COMPLEXITY" missed="1" covered="0"/><counter type="METHOD" missed="1" covered="0"/></method><method name="run" desc="()V" line="76"><counter type="INSTRUCTION" missed="53" covered="0"/><counter type="BRANCH" missed="2" covered="0"/><counter type="LINE" missed="10" covered="0"/><counter type="COMPLEXITY" missed="2" covered="0"/><counter type="METHOD" missed="1" covered="0"/></method><counter type="INSTRUCTION" missed="62" covered="0"/><counter type="BRANCH" missed="2" covered="0"/><counter type="LINE" missed="11" covered="0"/><counter type="COMPLEXITY" missed="3" covered="0"/><counter type="METHOD" missed="2" covered="0"/><counter type="CLASS" missed="1" covered="0"/></class><class name="foo/Consistency$2" sourcefilename="Consistency.java"><method name="&lt;init&gt;" desc="(Lfoo/Consistency;Lcom/google/appengine/api/datastore/DatastoreService;)V" line="93"><counter type="INSTRUCTION" missed="9" covered="0"/><counter type="LINE" missed="1" covered="0"/><counter type="COMPLEXITY" missed="1" covered="0"/><counter type="METHOD" missed="1" covered="0"/></method><method name="run" desc="()V" line="95"><counter type="INSTRUCTION" missed="64" covered="0"/><counter type="BRANCH" missed="2" covered="0"/><counter type="LINE" missed="14" covered="0"/><counter type="COMPLEXITY" missed="2" covered="0"/><counter type="METHOD" missed="1" covered="0"/></method><counter type="INSTRUCTION" missed="73" covered="0"/><counter type="BRANCH" missed="2" covered="0"/><counter type="LINE" missed="15" covered="0"/><counter type="COMPLEXITY" missed="3" covered="0"/><counter type="METHOD" missed="2" covered="0"/><counter type="CLASS" missed="1" covered="0"/></class><class name="foo/PrefixServlet" sourcefilename="PrefixServlet.java"><method name="&lt;clinit&gt;" desc="()V" line="36"><counter type="INSTRUCTION" missed="5" covered="0"/><counter type="LINE" missed="1" covered="0"/><counter type="COMPLEXITY" missed="1" covered="0"/><counter type="METHOD" missed="1" covered="0"/></method><method name="&lt;init&gt;" desc="()V" line="34"><counter type="INSTRUCTION" missed="3" covered="0"/><counter type="LINE" missed="1" covered="0"/><counter type="COMPLEXITY" missed="1" covered="0"/><counter type="METHOD" missed="1" covered="0"/></method><method name="between" desc="(Ljava/time/LocalDate;Ljava/time/LocalDate;)Ljava/time/LocalDate;" line="40"><counter type="INSTRUCTION" missed="14" covered="0"/><counter type="LINE" missed="6" covered="0"/><counter type="COMPLEXITY" missed="1" covered="0"/><counter type="METHOD" missed="1" covered="0"/></method><method name="doGet" desc="(Ljavax/servlet/http/HttpServletRequest;Ljavax/servlet/http/HttpServletResponse;)V" line="51"><counter type="INSTRUCTION" missed="167" covered="0"/><counter type="BRANCH" missed="8" covered="0"/><counter type="LINE" missed="25" covered="0"/><counter type="COMPLEXITY" missed="5" covered="0"/><counter type="METHOD" missed="1" covered="0"/></method><counter type="INSTRUCTION" missed="189" covered="0"/><counter type="BRANCH" missed="8" covered="0"/><counter type="LINE" missed="33" covered="0"/><counter type="COMPLEXITY" missed="8" covered="0"/><counter type="METHOD" missed="4" covered="0"/><counter type="CLASS" missed="1" covered="0"/></class><class name="foo/FriendQuery" sourcefilename="FriendQuery.java"><method name="&lt;init&gt;" desc="()V" line="36"><counter type="INSTRUCTION" missed="3" covered="0"/><counter type="LINE" missed="1" covered="0"/><counter type="COMPLEXITY" missed="1" covered="0"/><counter type="METHOD" missed="1" covered="0"/></method><method name="doGet" desc="(Ljavax/servlet/http/HttpServletRequest;Ljavax/servlet/http/HttpServletResponse;)V" line="41"><counter type="INSTRUCTION" missed="369" covered="0"/><counter type="BRANCH" missed="8" covered="0"/><counter type="LINE" missed="54" covered="0"/><counter type="COMPLEXITY" missed="5" covered="0"/><counter type="METHOD" missed="1" covered="0"/></method><counter type="INSTRUCTION" missed="372" covered="0"/><counter type="BRANCH" missed="8" covered="0"/><counter type="LINE" missed="55" covered="0"/><counter type="COMPLEXITY" missed="6" covered="0"/><counter type="METHOD" missed="2" covered="0"/><counter type="CLASS" missed="1" covered="0"/></class><class name="foo/FriendServlet" sourcefilename="FriendServlet.java"><method name="&lt;init&gt;" desc="()V" line="30"><counter type="INSTRUCTION" missed="3" covered="0"/><counter type="LINE" missed="1" covered="0"/><counter type="COMPLEXITY" missed="1" covered="0"/><counter type="METHOD" missed="1" covered="0"/></method><method name="doGet" desc="(Ljavax/servlet/http/HttpServletRequest;Ljavax/servlet/http/HttpServletResponse;)V" line="35"><counter type="INSTRUCTION" missed="107" covered="0"/><counter type="BRANCH" missed="4" covered="0"/><counter type="LINE" missed="16" covered="0"/><counter type="COMPLEXITY" missed="3" covered="0"/><counter type="METHOD" missed="1" covered="0"/></method><counter type="INSTRUCTION" missed="110" covered="0"/><counter type="BRANCH" missed="4" covered="0"/><counter type="LINE" missed="17" covered="0"/><counter type="COMPLEXITY" missed="4" covered="0"/><counter type="METHOD" missed="2" covered="0"/><counter type="CLASS" missed="1" covered="0"/></class><class name="foo/PrefixClean" sourcefilename="PrefixClean.java"><method name="&lt;init&gt;" desc="()V" line="36"><counter type="INSTRUCTION" missed="3" covered="0"/><counter type="LINE" missed="1" covered="0"/><counter type="COMPLEXITY" missed="1" covered="0"/><counter type="METHOD" missed="1" covered="0"/></method><method name="doGet" desc="(Ljavax/servlet/http/HttpServletRequest;Ljavax/servlet/http/HttpServletResponse;)V" line="41"><counter type="INSTRUCTION" missed="55" covered="0"/><counter type="BRANCH" missed="2" covered="0"/><counter type="LINE" missed="10" covered="0"/><counter type="COMPLEXITY" missed="2" covered="0"/><counter type="METHOD" missed="1" covered="0"/></method><counter type="INSTRUCTION" missed="58" covered="0"/><counter type="BRANCH" missed="2" covered="0"/><counter type="LINE" missed="11" covered="0"/><counter type="COMPLEXITY" missed="3" covered="0"/><counter type="METHOD" missed="2" covered="0"/><counter type="CLASS" missed="1" covered="0"/></class><class name="foo/Counting$1" sourcefilename="Counting.java"><method name="&lt;init&gt;" desc="(Lfoo/Counting;Lcom/google/appengine/api/datastore/DatastoreService;Lcom/google/appengine/api/datastore/Entity;Ljavax/servlet/http/HttpServletResponse;)V" line="53"><counter type="INSTRUCTION" missed="15" covered="0"/><counter type="LINE" missed="1" covered="0"/><counter type="COMPLEXITY" missed="1" covered="0"/><counter type="METHOD" missed="1" covered="0"/></method><method name="run" desc="()V" line="55"><counter type="INSTRUCTION" missed="57" covered="0"/><counter type="BRANCH" missed="2" covered="0"/><counter type="LINE" missed="11" covered="0"/><counter type="COMPLEXITY" missed="2" covered="0"/><counter type="METHOD" missed="1" covered="0"/></method><counter type="INSTRUCTION" missed="72" covered="0"/><counter type="BRANCH" missed="2" covered="0"/><counter type="LINE" missed="12" covered="0"/><counter type="COMPLEXITY" missed="3" covered="0"/><counter type="METHOD" missed="2" covered="0"/><counter type="CLASS" missed="1" covered="0"/></class><class name="foo/FriendBlockServlet" sourcefilename="FriendBlockServlet.java"><method name="&lt;init&gt;" desc="()V" line="30"><counter type="INSTRUCTION" missed="3" covered="0"/><counter type="LINE" missed="1" covered="0"/><counter type="COMPLEXITY" missed="1" covered="0"/><counter type="METHOD" missed="1" covered="0"/></method><method name="doGet" desc="(Ljavax/servlet/http/HttpServletRequest;Ljavax/servlet/http/HttpServletResponse;)V" line="35"><counter type="INSTRUCTION" missed="141" covered="0"/><counter type="BRANCH" missed="6" covered="0"/><counter type="LINE" missed="20" covered="0"/><counter type="COMPLEXITY" missed="4" covered="0"/><counter type="METHOD" missed="1" covered="0"/></method><counter type="INSTRUCTION" missed="144" covered="0"/><counter type="BRANCH" missed="6" covered="0"/><counter type="LINE" missed="21" covered="0"/><counter type="COMPLEXITY" missed="5" covered="0"/><counter type="METHOD" missed="2" covered="0"/><counter type="CLASS" missed="1" covered="0"/></class><class name="foo/HelloAppEngine" sourcefilename="HelloAppEngine.java"><method name="&lt;clinit&gt;" desc="()V" line="17"><counter type="INSTRUCTION" missed="0" covered="3"/><counter type="LINE" missed="0" covered="1"/><counter type="COMPLEXITY" missed="0" covered="1"/><counter type="METHOD" missed="0" covered="1"/></method><method name="&lt;init&gt;" desc="()V" line="15"><counter type="INSTRUCTION" missed="0" covered="6"/><counter type="LINE" missed="0" covered="2"/><counter type="COMPLEXITY" missed="0" covered="1"/><counter type="METHOD" missed="0" covered="1"/></method><method name="doGet" desc="(Ljavax/servlet/http/HttpServletRequest;Ljavax/servlet/http/HttpServletResponse;)V" line="23"><counter type="INSTRUCTION" missed="0" covered="73"/><counter type="LINE" missed="0" covered="9"/><counter type="COMPLEXITY" missed="0" covered="1"/><counter type="METHOD" missed="0" covered="1"/></method><counter type="INSTRUCTION" missed="0" covered="82"/><counter type="LINE" missed="0" covered="12"/><counter type="COMPLEXITY" missed="0" covered="3"/><counter type="METHOD" missed="0" covered="3"/><counter type="CLASS" missed="0" covered="1"/></class><class name="foo/CountingTR$1" sourcefilename="CountingTR.java"><method name="&lt;init&gt;" desc="(Lfoo/CountingTR;Ljavax/servlet/http/HttpServletResponse;Lcom/google/appengine/api/datastore/DatastoreService;Lcom/google/appengine/api/datastore/Entity;)V" line="54"><counter type="INSTRUCTION" missed="15" covered="0"/><counter type="LINE" missed="1" covered="0"/><counter type="COMPLEXITY" missed="1" covered="0"/><counter type="METHOD" missed="1" covered="0"/></method><method name="run" desc="()V" line="56"><counter type="INSTRUCTION" missed="87" covered="0"/><counter type="BRANCH" missed="4" covered="0"/><counter type="LINE" missed="20" covered="0"/><counter type="COMPLEXITY" missed="3" covered="0"/><counter type="METHOD" missed="1" covered="0"/></method><counter type="INSTRUCTION" missed="102" covered="0"/><counter type="BRANCH" missed="4" covered="0"/><counter type="LINE" missed="21" covered="0"/><counter type="COMPLEXITY" missed="4" covered="0"/><counter type="METHOD" missed="2" covered="0"/><counter type="CLASS" missed="1" covered="0"/></class><class name="foo/CountingTR" sourcefilename="CountingTR.java"><method name="&lt;clinit&gt;" desc="()V" line="33"><counter type="INSTRUCTION" missed="3" covered="0"/><counter type="LINE" missed="1" covered="0"/><counter type="COMPLEXITY" missed="1" covered="0"/><counter type="METHOD" missed="1" covered="0"/></method><method name="&lt;init&gt;" desc="()V" line="32"><counter type="INSTRUCTION" missed="3" covered="0"/><counter type="LINE" missed="1" covered="0"/><counter type="COMPLEXITY" missed="1" covered="0"/><counter type="METHOD" missed="1" covered="0"/></method><method name="doGet" desc="(Ljavax/servlet/http/HttpServletRequest;Ljavax/servlet/http/HttpServletResponse;)V" line="37"><counter type="INSTRUCTION" missed="112" covered="0"/><counter type="BRANCH" missed="4" covered="0"/><counter type="LINE" missed="21" covered="0"/><counter type="COMPLEXITY" missed="3" covered="0"/><counter type="METHOD" missed="1" covered="0"/></method><counter type="INSTRUCTION" missed="118" covered="0"/><counter type="BRANCH" missed="4" covered="0"/><counter type="LINE" missed="23" covered="0"/><counter type="COMPLEXITY" missed="5" covered="0"/><counter type="METHOD" missed="3" covered="0"/><counter type="CLASS" missed="1" covered="0"/></class><class name="foo/PetitionEndpoint" sourcefilename="PetitionEndpoint.java"><method name="&lt;init&gt;" desc="()V" line="53"><counter type="INSTRUCTION" missed="8" covered="0"/><counter type="LINE" missed="2" covered="0"/><counter type="COMPLEXITY" missed="1" covered="0"/><counter type="METHOD" missed="1" covered="0"/></method><method name="random" desc="()Lfoo/RandomResult;" line="59"><counter type="INSTRUCTION" missed="10" covered="0"/><counter type="LINE" missed="1" covered="0"/><counter type="COMPLEXITY" missed="1" covered="0"/><counter type="METHOD" missed="1" covered="0"/></method><method name="petitions" desc="(Ljava/lang/String;)Lcom/google/api/server/spi/response/CollectionResponse;" line="64"><counter type="INSTRUCTION" missed="46" covered="0"/><counter type="BRANCH" missed="2" covered="0"/><counter type="LINE" missed="10" covered="0"/><counter type="COMPLEXITY" missed="2" covered="0"/><counter type="METHOD" missed="1" covered="0"/></method><method name="top100" desc="()Ljava/util/List;" line="81"><counter type="INSTRUCTION" missed="28" covered="0"/><counter type="LINE" missed="7" covered="0"/><counter type="COMPLEXITY" missed="1" covered="0"/><counter type="METHOD" missed="1" covered="0"/></method><method name="mesPetitions" desc="(Ljava/lang/String;Ljava/lang/String;)Lcom/google/api/server/spi/response/CollectionResponse;" line="92"><counter type="INSTRUCTION" missed="50" covered="0"/><counter type="BRANCH" missed="2" covered="0"/><counter type="LINE" missed="10" covered="0"/><counter type="COMPLEXITY" missed="2" covered="0"/><counter type="METHOD" missed="1" covered="0"/></method><method name="savePetition" desc="(Lfoo/Petition;)Lcom/google/appengine/api/datastore/Entity;" line="111"><counter type="INSTRUCTION" missed="90" covered="0"/><counter type="LINE" missed="17" covered="0"/><counter type="COMPLEXITY" missed="1" covered="0"/><counter type="METHOD" missed="1" covered="0"/></method><method name="topscores" desc="()Ljava/util/List;" line="150"><counter type="INSTRUCTION" missed="21" covered="0"/><counter type="LINE" missed="5" covered="0"/><counter type="COMPLEXITY" missed="1" covered="0"/><counter type="METHOD" missed="1" covered="0"/></method><method name="infoPetition" desc="(Ljava/lang/String;)Lcom/google/appengine/api/datastore/Entity;" line="160"><counter type="INSTRUCTION" missed="15" covered="0"/><counter type="LINE" missed="4" covered="0"/><counter type="COMPLEXITY" missed="1" covered="0"/><counter type="METHOD" missed="1" covered="0"/></method><method name="addSignature" desc="(Ljava/lang/String;Ljava/lang/String;)Lcom/google/appengine/api/datastore/QueryResultList;" line="167"><counter type="INSTRUCTION" missed="104" covered="0"/><counter type="BRANCH" missed="2" covered="0"/><counter type="LINE" missed="23" covered="0"/><counter type="COMPLEXITY" missed="2" covered="0"/><counter type="METHOD" missed="1" covered="0"/></method><counter type="INSTRUCTION" missed="372" covered="0"/><counter type="BRANCH" missed="6" covered="0"/><counter type="LINE" missed="79" covered="0"/><counter type="COMPLEXITY" missed="12" covered="0"/><counter type="METHOD" missed="9" covered="0"/><counter type="CLASS" missed="1" covered="0"/></class><class name="foo/PostMessage" sourcefilename="PostMessage.java"><method name="&lt;init&gt;" desc="()V" line="8"><counter type="INSTRUCTION" missed="3" covered="0"/><counter type="LINE" missed="1" covered="0"/><counter type="COMPLEXITY" missed="1" covered="0"/><counter type="METHOD" missed="1" covered="0"/></method><counter type="INSTRUCTION" missed="3" covered="0"/><counter type="LINE" missed="1" covered="0"/><counter type="COMPLEXITY" missed="1" covered="0"/><counter type="METHOD" missed="1" covered="0"/><counter type="CLASS" missed="1" covered="0"/></class><class name="foo/PetitionQuery" sourcefilename="PetitionQuery.java"><method name="&lt;init&gt;" desc="()V" line="36"><counter type="INSTRUCTION" missed="3" covered="0"/><counter type="LINE" missed="1" covered="0"/><counter type="COMPLEXITY" missed="1" covered="0"/><counter type="METHOD" missed="1" covered="0"/></method><method name="doGet" desc="(Ljavax/servlet/http/HttpServletRequest;Ljavax/servlet/http/HttpServletResponse;)V" line="41"><counter type="INSTRUCTION" missed="142" covered="0"/><counter type="BRANCH" missed="4" covered="0"/><counter type="LINE" missed="23" covered="0"/><counter type="COMPLEXITY" missed="3" covered="0"/><counter type="METHOD" missed="1" covered="0"/></method><counter type="INSTRUCTION" missed="145" covered="0"/><counter type="BRANCH" missed="4" covered="0"/><counter type="LINE" missed="24" covered="0"/><counter type="COMPLEXITY" missed="4" covered="0"/><counter type="METHOD" missed="2" covered="0"/><counter type="CLASS" missed="1" covered="0"/></class><class name="foo/RandomResult" sourcefilename="RandomResult.java"><method name="&lt;init&gt;" desc="(I)V" line="6"><counter type="INSTRUCTION" missed="9" covered="0"/><counter type="LINE" missed="3" covered="0"/><counter type="COMPLEXITY" missed="1" covered="0"/><counter type="METHOD" missed="1" covered="0"/></method><counter type="INSTRUCTION" missed="9" covered="0"/><counter type="LINE" missed="3" covered="0"/><counter type="COMPLEXITY" missed="1" covered="0"/><counter type="METHOD" missed="1" covered="0"/><counter type="CLASS" missed="1" covered="0"/></class><class name="foo/CountingSh$1" sourcefilename="CountingSh.java"><method name="&lt;init&gt;" desc="(Lfoo/CountingSh;Ljava/util/Random;Ljava/util/List;Lcom/google/appengine/api/datastore/DatastoreService;Ljavax/servlet/http/HttpServletResponse;)V" line="53"><counter type="INSTRUCTION" missed="18" covered="0"/><counter type="LINE" missed="1" covered="0"/><counter type="COMPLEXITY" missed="1" covered="0"/><counter type="METHOD" missed="1" covered="0"/></method><method name="run" desc="()V" line="55"><counter type="INSTRUCTION" missed="85" covered="0"/><counter type="BRANCH" missed="4" covered="0"/><counter type="LINE" missed="18" covered="0"/><counter type="COMPLEXITY" missed="3" covered="0"/><counter type="METHOD" missed="1" covered="0"/></method><counter type="INSTRUCTION" missed="103" covered="0"/><counter type="BRANCH" missed="4" covered="0"/><counter type="LINE" missed="19" covered="0"/><counter type="COMPLEXITY" missed="4" covered="0"/><counter type="METHOD" missed="2" covered="0"/><counter type="CLASS" missed="1" covered="0"/></class><class name="foo/MsgIndex" sourcefilename="MsgIndex.java"><method name="&lt;init&gt;" desc="()V" line="39"><counter type="INSTRUCTION" missed="3" covered="0"/><counter type="LINE" missed="2" covered="0"/><counter type="COMPLEXITY" missed="1" covered="0"/><counter type="METHOD" missed="1" covered="0"/></method><method name="doGet" desc="(Ljavax/servlet/http/HttpServletRequest;Ljavax/servlet/http/HttpServletResponse;)V" line="49"><counter type="INSTRUCTION" missed="225" covered="0"/><counter type="BRANCH" missed="4" covered="0"/><counter type="LINE" missed="33" covered="0"/><counter type="COMPLEXITY" missed="3" covered="0"/><counter type="METHOD" missed="1" covered="0"/></method><counter type="INSTRUCTION" missed="228" covered="0"/><counter type="BRANCH" missed="4" covered="0"/><counter type="LINE" missed="35" covered="0"/><counter type="COMPLEXITY" missed="4" covered="0"/><counter type="METHOD" missed="2" covered="0"/><counter type="CLASS" missed="1" covered="0"/></class><class name="foo/PrefixQuery" sourcefilename="PrefixQuery.java"><method name="&lt;init&gt;" desc="()V" line="36"><counter type="INSTRUCTION" missed="3" covered="0"/><counter type="LINE" missed="1" covered="0"/><counter type="COMPLEXITY" missed="1" covered="0"/><counter type="METHOD" missed="1" covered="0"/></method><method name="doGet" desc="(Ljavax/servlet/http/HttpServletRequest;Ljavax/servlet/http/HttpServletResponse;)V" line="41"><counter type="INSTRUCTION" missed="299" covered="0"/><counter type="BRANCH" missed="8" covered="0"/><counter type="LINE" missed="47" covered="0"/><counter type="COMPLEXITY" missed="5" covered="0"/><counter type="METHOD" missed="1" covered="0"/></method><counter type="INSTRUCTION" missed="302" covered="0"/><counter type="BRANCH" missed="8" covered="0"/><counter type="LINE" missed="48" covered="0"/><counter type="COMPLEXITY" missed="6" covered="0"/><counter type="METHOD" missed="2" covered="0"/><counter type="CLASS" missed="1" covered="0"/></class><class name="foo/CountingSh" sourcefilename="CountingSh.java"><method name="&lt;init&gt;" desc="()V" line="32"><counter type="INSTRUCTION" missed="3" covered="0"/><counter type="LINE" missed="1" covered="0"/><counter type="COMPLEXITY" missed="1" covered="0"/><counter type="METHOD" missed="1" covered="0"/></method><method name="doGet" desc="(Ljavax/servlet/http/HttpServletRequest;Ljavax/servlet/http/HttpServletResponse;)V" line="37"><counter type="INSTRUCTION" missed="140" covered="0"/><counter type="BRANCH" missed="8" covered="0"/><counter type="LINE" missed="24" covered="0"/><counter type="COMPLEXITY" missed="5" covered="0"/><counter type="METHOD" missed="1" covered="0"/></method><counter type="INSTRUCTION" missed="143" covered="0"/><counter type="BRANCH" missed="8" covered="0"/><counter type="LINE" missed="25" covered="0"/><counter type="COMPLEXITY" missed="6" covered="0"/><counter type="METHOD" missed="2" covered="0"/><counter type="CLASS" missed="1" covered="0"/></class><class name="foo/Consistency" sourcefilename="Consistency.java"><method name="&lt;init&gt;" desc="()V" line="40"><counter type="INSTRUCTION" missed="3" covered="0"/><counter type="LINE" missed="2" covered="0"/><counter type="COMPLEXITY" missed="1" covered="0"/><counter type="METHOD" missed="1" covered="0"/></method><method name="cleaning" desc="()V" line="45"><counter type="INSTRUCTION" missed="43" covered="0"/><counter type="BRANCH" missed="4" covered="0"/><counter type="LINE" missed="8" covered="0"/><counter type="COMPLEXITY" missed="3" covered="0"/><counter type="METHOD" missed="1" covered="0"/></method><method name="doGet" desc="(Ljavax/servlet/http/HttpServletRequest;Ljavax/servlet/http/HttpServletResponse;)V" line="65"><counter type="INSTRUCTION" missed="98" covered="0"/><counter type="BRANCH" missed="2" covered="0"/><counter type="LINE" missed="26" covered="0"/><counter type="COMPLEXITY" missed="2" covered="0"/><counter type="METHOD" missed="1" covered="0"/></method><counter type="INSTRUCTION" missed="144" covered="0"/><counter type="BRANCH" missed="6" covered="0"/><counter type="LINE" missed="36" covered="0"/><counter type="COMPLEXITY" missed="6" covered="0"/><counter type="METHOD" missed="3" covered="0"/><counter type="CLASS" missed="1" covered="0"/></class><class name="foo/UsersServlet" sourcefilename="UsersServlet.java"><method name="&lt;init&gt;" desc="()V" line="37"><counter type="INSTRUCTION" missed="3" covered="0"/><counter type="LINE" missed="1" covered="0"/><counter type="COMPLEXITY" missed="1" covered="0"/><counter type="METHOD" missed="1" covered="0"/></method><method name="doGet" desc="(Ljavax/servlet/http/HttpServletRequest;Ljavax/servlet/http/HttpServletResponse;)V" line="41"><counter type="INSTRUCTION" missed="47" covered="0"/><counter type="BRANCH" missed="2" covered="0"/><counter type="LINE" missed="16" covered="0"/><counter type="COMPLEXITY" missed="2" covered="0"/><counter type="METHOD" missed="1" covered="0"/></method><counter type="INSTRUCTION" missed="50" covered="0"/><counter type="BRANCH" missed="2" covered="0"/><counter type="LINE" missed="17" covered="0"/><counter type="COMPLEXITY" missed="3" covered="0"/><counter type="METHOD" missed="2" covered="0"/><counter type="CLASS" missed="1" covered="0"/></class><class name="foo/TestTransaction" sourcefilename="TestTransaction.java"><method name="&lt;init&gt;" desc="()V" line="25"><counter type="INSTRUCTION" missed="3" covered="0"/><counter type="LINE" missed="1" covered="0"/><counter type="COMPLEXITY" missed="1" covered="0"/><counter type="METHOD" missed="1" covered="0"/></method><method name="doGet" desc="(Ljavax/servlet/http/HttpServletRequest;Ljavax/servlet/http/HttpServletResponse;)V" line="35"><counter type="INSTRUCTION" missed="72" covered="0"/><counter type="BRANCH" missed="4" covered="0"/><counter type="LINE" missed="13" covered="0"/><counter type="COMPLEXITY" missed="3" covered="0"/><counter type="METHOD" missed="1" covered="0"/></method><counter type="INSTRUCTION" missed="75" covered="0"/><counter type="BRANCH" missed="4" covered="0"/><counter type="LINE" missed="14" covered="0"/><counter type="COMPLEXITY" missed="4" covered="0"/><counter type="METHOD" missed="2" covered="0"/><counter type="CLASS" missed="1" covered="0"/></class><class name="foo/PetitionServlet" sourcefilename="PetitionServlet.java"><method name="&lt;init&gt;" desc="()V" line="30"><counter type="INSTRUCTION" missed="3" covered="0"/><counter type="LINE" missed="1" covered="0"/><counter type="COMPLEXITY" missed="1" covered="0"/><counter type="METHOD" missed="1" covered="0"/></method><method name="doGet" desc="(Ljavax/servlet/http/HttpServletRequest;Ljavax/servlet/http/HttpServletResponse;)V" line="35"><counter type="INSTRUCTION" missed="86" covered="0"/><counter type="BRANCH" missed="4" covered="0"/><counter type="LINE" missed="12" covered="0"/><counter type="COMPLEXITY" missed="3" covered="0"/><counter type="METHOD" missed="1" covered="0"/></method><counter type="INSTRUCTION" missed="89" covered="0"/><counter type="BRANCH" missed="4" covered="0"/><counter type="LINE" missed="13" covered="0"/><counter type="COMPLEXITY" missed="4" covered="0"/><counter type="METHOD" missed="2" covered="0"/><counter type="CLASS" missed="1" covered="0"/></class><class name="foo/Petition" sourcefilename="Petition.java"><method name="&lt;init&gt;" desc="()V" line="14"><counter type="INSTRUCTION" missed="3" covered="0"/><counter type="LINE" missed="1" covered="0"/><counter type="COMPLEXITY" missed="1" covered="0"/><counter type="METHOD" missed="1" covered="0"/></method><counter type="INSTRUCTION" missed="3" covered="0"/><counter type="LINE" missed="1" covered="0"/><counter type="COMPLEXITY" missed="1" covered="0"/><counter type="METHOD" missed="1" covered="0"/><counter type="CLASS" missed="1" covered="0"/></class><class name="foo/Counting" sourcefilename="Counting.java"><method name="&lt;init&gt;" desc="()V" line="31"><counter type="INSTRUCTION" missed="3" covered="0"/><counter type="LINE" missed="1" covered="0"/><counter type="COMPLEXITY" missed="1" covered="0"/><counter type="METHOD" missed="1" covered="0"/></method><method name="doGet" desc="(Ljavax/servlet/http/HttpServletRequest;Ljavax/servlet/http/HttpServletResponse;)V" line="36"><counter type="INSTRUCTION" missed="112" covered="0"/><counter type="BRANCH" missed="4" covered="0"/><counter type="LINE" missed="21" covered="0"/><counter type="COMPLEXITY" missed="3" covered="0"/><counter type="METHOD" missed="1" covered="0"/></method><counter type="INSTRUCTION" missed="115" covered="0"/><counter type="BRANCH" missed="4" covered="0"/><counter type="LINE" missed="22" covered="0"/><counter type="COMPLEXITY" missed="4" covered="0"/><counter type="METHOD" missed="2" covered="0"/><counter type="CLASS" missed="1" covered="0"/></class><sourcefile name="Consistency.java"><line nr="40" mi="2" ci="0" mb="0" cb="0"/><line nr="42" mi="1" ci="0" mb="0" cb="0"/><line nr="45" mi="2" ci="0" mb="0" cb="0"/><line nr="48" mi="7" ci="0" mb="2" cb="0"/><line nr="49" mi="5" ci="0" mb="0" cb="0"/><line nr="50" mi="4" ci="0" mb="0" cb="0"/><line nr="51" mi="4" ci="0" mb="0" cb="0"/><line nr="52" mi="11" ci="0" mb="2" cb="0"/><line nr="53" mi="9" ci="0" mb="0" cb="0"/><line nr="56" mi="1" ci="0" mb="0" cb="0"/><line nr="65" mi="3" ci="0" mb="0" cb="0"/><line nr="66" mi="3" ci="0" mb="0" cb="0"/><line nr="68" mi="8" ci="0" mb="0" cb="0"/><line nr="70" mi="2" ci="0" mb="0" cb="0"/><line nr="72" mi="2" ci="0" mb="0" cb="0"/><line nr="74" mi="16" ci="0" mb="0" cb="0"/><line nr="76" mi="2" ci="0" mb="0" cb="0"/><line nr="78" mi="7" ci="0" mb="2" cb="0"/><line nr="79" mi="12" ci="0" mb="0" cb="0"/><line nr="80" mi="10" ci="0" mb="0" cb="0"/><line nr="81" mi="10" ci="0" mb="0" cb="0"/><line nr="82" mi="5" ci="0" mb="0" cb="0"/><line nr="84" mi="2" ci="0" mb="0" cb="0"/><line nr="85" mi="2" ci="0" mb="0" cb="0"/><line nr="87" mi="2" ci="0" mb="0" cb="0"/><line nr="90" mi="1" ci="0" mb="0" cb="0"/><line nr="93" mi="16" ci="0" mb="0" cb="0"/><line nr="95" mi="2" ci="0" mb="0" cb="0"/><line nr="96" mi="5" ci="0" mb="0" cb="0"/><line nr="97" mi="5" ci="0" mb="0" cb="0"/><line nr="99" mi="4" ci="0" mb="0" cb="0"/><line nr="101" mi="7" ci="0" mb="2" cb="0"/><line nr="102" mi="7" ci="0" mb="0" cb="0"/><line nr="103" mi="10" ci="0" mb="0" cb="0"/><line nr="104" mi="10" ci="0" mb="0" cb="0"/><line nr="105" mi="5" ci="0" mb="0" cb="0"/><line nr="107" mi="2" ci="0" mb="0" cb="0"/><line nr="108" mi="2" ci="0" mb="0" cb="0"/><line nr="110" mi="2" ci="0" mb="0" cb="0"/><line nr="113" mi="2" ci="0" mb="0" cb="0"/><line nr="114" mi="1" ci="0" mb="0" cb="0"/><line nr="117" mi="3" ci="0" mb="0" cb="0"/><line nr="118" mi="8" ci="0" mb="2" cb="0"/><line nr="119" mi="22" ci="0" mb="0" cb="0"/><line nr="121" mi="5" ci="0" mb="0" cb="0"/><line nr="122" mi="5" ci="0" mb="0" cb="0"/><line nr="125" mi="3" ci="0" mb="0" cb="0"/><line nr="126" mi="4" ci="0" mb="0" cb="0"/><line nr="127" mi="4" ci="0" mb="2" cb="0"/><line nr="129" mi="2" ci="0" mb="0" cb="0"/><line nr="130" mi="15" ci="0" mb="0" cb="0"/><line nr="131" mi="2" ci="0" mb="0" cb="0"/><line nr="133" mi="3" ci="0" mb="0" cb="0"/><line nr="134" mi="1" ci="0" mb="0" cb="0"/><line nr="136" mi="2" ci="0" mb="0" cb="0"/><line nr="140" mi="1" ci="0" mb="0" cb="0"/><line nr="144" mi="5" ci="0" mb="0" cb="0"/><line nr="146" mi="2" ci="0" mb="0" cb="0"/><line nr="147" mi="4" ci="0" mb="0" cb="0"/><line nr="150" mi="2" ci="0" mb="0" cb="0"/><line nr="151" mi="4" ci="0" mb="0" cb="0"/><line nr="152" mi="2" ci="0" mb="0" cb="0"/><line nr="154" mi="2" ci="0" mb="0" cb="0"/><line nr="157" mi="5" ci="0" mb="0" cb="0"/><line nr="160" mi="2" ci="0" mb="0" cb="0"/><line nr="161" mi="2" ci="0" mb="0" cb="0"/><line nr="162" mi="4" ci="0" mb="0" cb="0"/><line nr="165" mi="2" ci="0" mb="0" cb="0"/><line nr="166" mi="4" ci="0" mb="0" cb="0"/><line nr="167" mi="2" ci="0" mb="0" cb="0"/><line nr="169" mi="2" ci="0" mb="0" cb="0"/><line nr="172" mi="1" ci="0" mb="0" cb="0"/><counter type="INSTRUCTION" missed="338" covered="0"/><counter type="BRANCH" missed="12" covered="0"/><counter type="LINE" missed="72" covered="0"/><counter type="COMPLEXITY" missed="15" covered="0"/><counter type="METHOD" missed="9" covered="0"/><counter type="CLASS" missed="4" covered="0"/></sourcefile><sourcefile name="Counting.java"><line nr="31" mi="3" ci="0" mb="0" cb="0"/><line nr="36" mi="3" ci="0" mb="0" cb="0"/><line nr="37" mi="3" ci="0" mb="0" cb="0"/><line nr="39" mi="2" ci="0" mb="0" cb="0"/><line nr="40" mi="6" ci="0" mb="0" cb="0"/><line nr="41" mi="5" ci="0" mb="0" cb="0"/><line nr="42" mi="4" ci="0" mb="0" cb="0"/><line nr="45" mi="17" ci="0" mb="0" cb="0"/><line nr="46" mi="2" ci="0" mb="0" cb="0"/><line nr="48" mi="2" ci="0" mb="0" cb="0"/><line nr="51" mi="3" ci="0" mb="0" cb="0"/><line nr="52" mi="8" ci="0" mb="2" cb="0"/><line nr="53" mi="26" ci="0" mb="0" cb="0"/><line nr="55" mi="2" ci="0" mb="0" cb="0"/><line nr="56" mi="7" ci="0" mb="2" cb="0"/><line nr="58" mi="7" ci="0" mb="0" cb="0"/><line nr="59" mi="5" ci="0" mb="0" cb="0"/><line nr="60" mi="2" ci="0" mb="0" cb="0"/><line nr="61" mi="8" ci="0" mb="0" cb="0"/><line nr="62" mi="17" ci="0" mb="0" cb="0"/><line nr="63" mi="4" ci="0" mb="0" cb="0"/><line nr="64" mi="2" ci="0" mb="0" cb="0"/><line nr="66" mi="2" ci="0" mb="0" cb="0"/><line nr="69" mi="1" ci="0" mb="0" cb="0"/><line nr="71" mi="4" ci="0" mb="0" cb="0"/><line nr="74" mi="16" ci="0" mb="2" cb="0"/><line nr="76" mi="2" ci="0" mb="0" cb="0"/><line nr="77" mi="2" ci="0" mb="0" cb="0"/><line nr="79" mi="2" ci="0" mb="0" cb="0"/><line nr="84" mi="15" ci="0" mb="0" cb="0"/><line nr="85" mi="2" ci="0" mb="0" cb="0"/><line nr="87" mi="2" ci="0" mb="0" cb="0"/><line nr="89" mi="1" ci="0" mb="0" cb="0"/><counter type="INSTRUCTION" missed="187" covered="0"/><counter type="BRANCH" missed="6" covered="0"/><counter type="LINE" missed="33" covered="0"/><counter type="COMPLEXITY" missed="7" covered="0"/><counter type="METHOD" missed="4" covered="0"/><counter type="CLASS" missed="2" covered="0"/></sourcefile><sourcefile name="FriendQuery.java"><line nr="36" mi="3" ci="0" mb="0" cb="0"/><line nr="41" mi="3" ci="0" mb="0" cb="0"/><line nr="42" mi="3" ci="0" mb="0" cb="0"/><line nr="50" mi="2" ci="0" mb="0" cb="0"/><line nr="52" mi="4" ci="0" mb="0" cb="0"/><line nr="54" mi="4" ci="0" mb="0" cb="0"/><line nr="57" mi="6" ci="0" mb="0" cb="0"/><line nr="59" mi="5" ci="0" mb="0" cb="0"/><line nr="60" mi="12" ci="0" mb="0" cb="0"/><line nr="61" mi="2" ci="0" mb="0" cb="0"/><line nr="63" mi="2" ci="0" mb="0" cb="0"/><line nr="67" mi="4" ci="0" mb="0" cb="0"/><line nr="69" mi="12" ci="0" mb="0" cb="0"/><line nr="71" mi="4" ci="0" mb="0" cb="0"/><line nr="72" mi="4" ci="0" mb="0" cb="0"/><line nr="74" mi="13" ci="0" mb="0" cb="0"/><line nr="75" mi="11" ci="0" mb="2" cb="0"/><line nr="76" mi="17" ci="0" mb="0" cb="0"/><line nr="77" mi="7" ci="0" mb="0" cb="0"/><line nr="81" mi="4" ci="0" mb="0" cb="0"/><line nr="82" mi="4" ci="0" mb="0" cb="0"/><line nr="84" mi="9" ci="0" mb="0" cb="0"/><line nr="85" mi="2" ci="0" mb="0" cb="0"/><line nr="86" mi="9" ci="0" mb="0" cb="0"/><line nr="87" mi="9" ci="0" mb="0" cb="0"/><line nr="88" mi="10" ci="0" mb="0" cb="0"/><line nr="89" mi="8" ci="0" mb="0" cb="0"/><line nr="92" mi="4" ci="0" mb="0" cb="0"/><line nr="93" mi="4" ci="0" mb="0" cb="0"/><line nr="95" mi="13" ci="0" mb="0" cb="0"/><line nr="96" mi="11" ci="0" mb="2" cb="0"/><line nr="97" mi="12" ci="0" mb="0" cb="0"/><line nr="101" mi="2" ci="0" mb="0" cb="0"/><line nr="104" mi="4" ci="0" mb="0" cb="0"/><line nr="105" mi="5" ci="0" mb="0" cb="0"/><line nr="106" mi="4" ci="0" mb="0" cb="0"/><line nr="107" mi="4" ci="0" mb="0" cb="0"/><line nr="109" mi="13" ci="0" mb="0" cb="0"/><line nr="110" mi="11" ci="0" mb="2" cb="0"/><line nr="111" mi="13" ci="0" mb="0" cb="0"/><line nr="113" mi="2" ci="0" mb="0" cb="0"/><line nr="116" mi="4" ci="0" mb="0" cb="0"/><line nr="117" mi="5" ci="0" mb="0" cb="0"/><line nr="118" mi="8" ci="0" mb="0" cb="0"/><line nr="119" mi="4" ci="0" mb="0" cb="0"/><line nr="120" mi="4" ci="0" mb="0" cb="0"/><line nr="122" mi="13" ci="0" mb="0" cb="0"/><line nr="123" mi="11" ci="0" mb="2" cb="0"/><line nr="124" mi="13" ci="0" mb="0" cb="0"/><line nr="126" mi="2" ci="0" mb="0" cb="0"/><line nr="128" mi="4" ci="0" mb="0" cb="0"/><line nr="129" mi="12" ci="0" mb="0" cb="0"/><line nr="131" mi="4" ci="0" mb="0" cb="0"/><line nr="132" mi="12" ci="0" mb="0" cb="0"/><line nr="135" mi="1" ci="0" mb="0" cb="0"/><counter type="INSTRUCTION" missed="372" covered="0"/><counter type="BRANCH" missed="8" covered="0"/><counter type="LINE" missed="55" covered="0"/><counter type="COMPLEXITY" missed="6" covered="0"/><counter type="METHOD" missed="2" covered="0"/><counter type="CLASS" missed="1" covered="0"/></sourcefile><sourcefile name="CountingTR.java"><line nr="32" mi="3" ci="0" mb="0" cb="0"/><line nr="33" mi="3" ci="0" mb="0" cb="0"/><line nr="37" mi="3" ci="0" mb="0" cb="0"/><line nr="38" mi="3" ci="0" mb="0" cb="0"/><line nr="40" mi="2" ci="0" mb="0" cb="0"/><line nr="41" mi="6" ci="0" mb="0" cb="0"/><line nr="42" mi="5" ci="0" mb="0" cb="0"/><line nr="43" mi="4" ci="0" mb="0" cb="0"/><line nr="46" mi="17" ci="0" mb="0" cb="0"/><line nr="47" mi="2" ci="0" mb="0" cb="0"/><line nr="49" mi="2" ci="0" mb="0" cb="0"/><line nr="52" mi="3" ci="0" mb="0" cb="0"/><line nr="53" mi="8" ci="0" mb="2" cb="0"/><line nr="54" mi="26" ci="0" mb="0" cb="0"/><line nr="56" mi="2" ci="0" mb="0" cb="0"/><line nr="57" mi="7" ci="0" mb="2" cb="0"/><line nr="58" mi="3" ci="0" mb="0" cb="0"/><line nr="60" mi="7" ci="0" mb="0" cb="0"/><line nr="61" mi="5" ci="0" mb="0" cb="0"/><line nr="63" mi="2" ci="0" mb="0" cb="0"/><line nr="64" mi="8" ci="0" mb="0" cb="0"/><line nr="65" mi="17" ci="0" mb="0" cb="0"/><line nr="66" mi="4" ci="0" mb="0" cb="0"/><line nr="67" mi="2" ci="0" mb="0" cb="0"/><line nr="68" mi="2" ci="0" mb="0" cb="0"/><line nr="70" mi="2" ci="0" mb="0" cb="0"/><line nr="71" mi="1" ci="0" mb="0" cb="0"/><line nr="73" mi="2" ci="0" mb="0" cb="0"/><line nr="75" mi="3" ci="0" mb="2" cb="0"/><line nr="77" mi="13" ci="0" mb="0" cb="0"/><line nr="78" mi="2" ci="0" mb="0" cb="0"/><line nr="80" mi="2" ci="0" mb="0" cb="0"/><line nr="82" mi="2" ci="0" mb="0" cb="0"/><line nr="86" mi="1" ci="0" mb="0" cb="0"/><line nr="88" mi="4" ci="0" mb="0" cb="0"/><line nr="91" mi="16" ci="0" mb="2" cb="0"/><line nr="93" mi="2" ci="0" mb="0" cb="0"/><line nr="94" mi="2" ci="0" mb="0" cb="0"/><line nr="96" mi="2" ci="0" mb="0" cb="0"/><line nr="101" mi="15" ci="0" mb="0" cb="0"/><line nr="102" mi="2" ci="0" mb="0" cb="0"/><line nr="104" mi="2" ci="0" mb="0" cb="0"/><line nr="106" mi="1" ci="0" mb="0" cb="0"/><counter type="INSTRUCTION" missed="220" covered="0"/><counter type="BRANCH" missed="8" covered="0"/><counter type="LINE" missed="43" covered="0"/><counter type="COMPLEXITY" missed="9" covered="0"/><counter type="METHOD" missed="5" covered="0"/><counter type="CLASS" missed="2" covered="0"/></sourcefile><sourcefile name="PostMessage.java"><line nr="8" mi="3" ci="0" mb="0" cb="0"/><counter type="INSTRUCTION" missed="3" covered="0"/><counter type="LINE" missed="1" covered="0"/><counter type="COMPLEXITY" missed="1" covered="0"/><counter type="METHOD" missed="1" covered="0"/><counter type="CLASS" missed="1" covered="0"/></sourcefile><sourcefile name="TestTransaction.java"><line nr="25" mi="3" ci="0" mb="0" cb="0"/><line nr="35" mi="8" ci="0" mb="0" cb="0"/><line nr="37" mi="2" ci="0" mb="0" cb="0"/><line nr="39" mi="7" ci="0" mb="2" cb="0"/><line nr="40" mi="12" ci="0" mb="0" cb="0"/><line nr="41" mi="4" ci="0" mb="0" cb="0"/><line nr="45" mi="3" ci="0" mb="0" cb="0"/><line nr="46" mi="5" ci="0" mb="0" cb="0"/><line nr="47" mi="4" ci="0" mb="0" cb="0"/><line nr="48" mi="4" ci="0" mb="0" cb="0"/><line nr="49" mi="11" ci="0" mb="2" cb="0"/><line nr="51" mi="9" ci="0" mb="0" cb="0"/><line nr="55" mi="2" ci="0" mb="0" cb="0"/><line nr="56" mi="1" ci="0" mb="0" cb="0"/><counter type="INSTRUCTION" missed="75" covered="0"/><counter type="BRANCH" missed="4" covered="0"/><counter type="LINE" missed="14" covered="0"/><counter type="COMPLEXITY" missed="4" covered="0"/><counter type="METHOD" missed="2" covered="0"/><counter type="CLASS" missed="1" covered="0"/></sourcefile><sourcefile name="CountingSh.java"><line nr="32" mi="3" ci="0" mb="0" cb="0"/><line nr="37" mi="3" ci="0" mb="0" cb="0"/><line nr="38" mi="3" ci="0" mb="0" cb="0"/><line nr="40" mi="2" ci="0" mb="0" cb="0"/><line nr="41" mi="4" ci="0" mb="0" cb="0"/><line nr="42" mi="7" ci="0" mb="2" cb="0"/><line nr="44" mi="17" ci="0" mb="0" cb="0"/><line nr="45" mi="5" ci="0" mb="0" cb="0"/><line nr="46" mi="4" ci="0" mb="0" cb="0"/><line nr="50" mi="3" ci="0" mb="0" cb="0"/><line nr="51" mi="4" ci="0" mb="0" cb="0"/><line nr="52" mi="8" ci="0" mb="2" cb="0"/><line nr="53" mi="30" ci="0" mb="0" cb="0"/><line nr="55" mi="2" ci="0" mb="0" cb="0"/><line nr="56" mi="7" ci="0" mb="2" cb="0"/><line nr="57" mi="3" ci="0" mb="0" cb="0"/><line nr="59" mi="7" ci="0" mb="0" cb="0"/><line nr="60" mi="10" ci="0" mb="0" cb="0"/><line nr="61" mi="5" ci="0" mb="0" cb="0"/><line nr="63" mi="2" ci="0" mb="0" cb="0"/><line nr="64" mi="8" ci="0" mb="0" cb="0"/><line nr="65" mi="22" ci="0" mb="0" cb="0"/><line nr="66" mi="4" ci="0" mb="0" cb="0"/><line nr="67" mi="2" ci="0" mb="0" cb="0"/><line nr="68" mi="2" ci="0" mb="0" cb="0"/><line nr="71" mi="2" ci="0" mb="0" cb="0"/><line nr="72" mi="1" ci="0" mb="0" cb="0"/><line nr="74" mi="2" ci="0" mb="0" cb="0"/><line nr="76" mi="3" ci="0" mb="2" cb="0"/><line nr="77" mi="2" ci="0" mb="0" cb="0"/><line nr="81" mi="1" ci="0" mb="0" cb="0"/><line nr="83" mi="4" ci="0" mb="0" cb="0"/><line nr="86" mi="16" ci="0" mb="2" cb="0"/><line nr="88" mi="2" ci="0" mb="0" cb="0"/><line nr="89" mi="2" ci="0" mb="0" cb="0"/><line nr="91" mi="2" ci="0" mb="0" cb="0"/><line nr="96" mi="3" ci="0" mb="0" cb="0"/><line nr="97" mi="11" ci="0" mb="2" cb="0"/><line nr="98" mi="13" ci="0" mb="0" cb="0"/><line nr="100" mi="10" ci="0" mb="0" cb="0"/><line nr="101" mi="2" ci="0" mb="0" cb="0"/><line nr="103" mi="2" ci="0" mb="0" cb="0"/><line nr="105" mi="1" ci="0" mb="0" cb="0"/><counter type="INSTRUCTION" missed="246" covered="0"/><counter type="BRANCH" missed="12" covered="0"/><counter type="LINE" missed="43" covered="0"/><counter type="COMPLEXITY" missed="10" covered="0"/><counter type="METHOD" missed="4" covered="0"/><counter type="CLASS" missed="2" covered="0"/></sourcefile><sourcefile name="RandomResult.java"><line nr="6" mi="2" ci="0" mb="0" cb="0"/><line nr="7" mi="6" ci="0" mb="0" cb="0"/><line nr="8" mi="1" ci="0" mb="0" cb="0"/><counter type="INSTRUCTION" missed="9" covered="0"/><counter type="LINE" missed="3" covered="0"/><counter type="COMPLEXITY" missed="1" covered="0"/><counter type="METHOD" missed="1" covered="0"/><counter type="CLASS" missed="1" covered="0"/></sourcefile><sourcefile name="FriendBlockServlet.java"><line nr="30" mi="3" ci="0" mb="0" cb="0"/><line nr="35" mi="3" ci="0" mb="0" cb="0"/><line nr="36" mi="3" ci="0" mb="0" cb="0"/><line nr="38" mi="4" ci="0" mb="0" cb="0"/><line nr="41" mi="7" ci="0" mb="2" cb="0"/><line nr="42" mi="12" ci="0" mb="0" cb="0"/><line nr="43" mi="10" ci="0" mb="0" cb="0"/><line nr="44" mi="10" ci="0" mb="0" cb="0"/><line nr="45" mi="9" ci="0" mb="0" cb="0"/><line nr="48" mi="2" ci="0" mb="0" cb="0"/><line nr="49" mi="4" ci="0" mb="0" cb="0"/><line nr="50" mi="13" ci="0" mb="0" cb="0"/><line nr="53" mi="7" ci="0" mb="2" cb="0"/><line nr="55" mi="14" ci="0" mb="0" cb="0"/><line nr="56" mi="4" ci="0" mb="0" cb="0"/><line nr="57" mi="5" ci="0" mb="2" cb="0"/><line nr="58" mi="12" ci="0" mb="0" cb="0"/><line nr="60" mi="4" ci="0" mb="0" cb="0"/><line nr="61" mi="4" ci="0" mb="0" cb="0"/><line nr="62" mi="13" ci="0" mb="0" cb="0"/><line nr="66" mi="1" ci="0" mb="0" cb="0"/><counter type="INSTRUCTION" missed="144" covered="0"/><counter type="BRANCH" missed="6" covered="0"/><counter type="LINE" missed="21" covered="0"/><counter type="COMPLEXITY" missed="5" covered="0"/><counter type="METHOD" missed="2" covered="0"/><counter type="CLASS" missed="1" covered="0"/></sourcefile><sourcefile name="MsgIndex.java"><line nr="39" mi="2" ci="0" mb="0" cb="0"/><line nr="41" mi="1" ci="0" mb="0" cb="0"/><line nr="49" mi="5" ci="0" mb="0" cb="0"/><line nr="51" mi="20" ci="0" mb="0" cb="0"/><line nr="52" mi="4" ci="0" mb="0" cb="0"/><line nr="53" mi="4" ci="0" mb="0" cb="0"/><line nr="54" mi="4" ci="0" mb="0" cb="0"/><line nr="55" mi="5" ci="0" mb="0" cb="0"/><line nr="56" mi="6" ci="0" mb="0" cb="0"/><line nr="59" mi="7" ci="0" mb="0" cb="0"/><line nr="60" mi="4" ci="0" mb="0" cb="0"/><line nr="61" mi="12" ci="0" mb="0" cb="0"/><line nr="62" mi="4" ci="0" mb="0" cb="0"/><line nr="65" mi="7" ci="0" mb="0" cb="0"/><line nr="66" mi="4" ci="0" mb="0" cb="0"/><line nr="67" mi="12" ci="0" mb="0" cb="0"/><line nr="68" mi="4" ci="0" mb="0" cb="0"/><line nr="71" mi="2" ci="0" mb="0" cb="0"/><line nr="73" mi="4" ci="0" mb="0" cb="0"/><line nr="74" mi="4" ci="0" mb="0" cb="0"/><line nr="75" mi="4" ci="0" mb="0" cb="0"/><line nr="78" mi="12" ci="0" mb="0" cb="0"/><line nr="79" mi="12" ci="0" mb="0" cb="0"/><line nr="80" mi="12" ci="0" mb="0" cb="0"/><line nr="83" mi="12" ci="0" mb="0" cb="0"/><line nr="84" mi="3" ci="0" mb="0" cb="0"/><line nr="86" mi="4" ci="0" mb="0" cb="0"/><line nr="87" mi="4" ci="0" mb="0" cb="0"/><line nr="89" mi="4" ci="0" mb="0" cb="0"/><line nr="90" mi="11" ci="0" mb="2" cb="0"/><line nr="91" mi="5" ci="0" mb="0" cb="0"/><line nr="94" mi="4" ci="0" mb="0" cb="0"/><line nr="95" mi="12" ci="0" mb="2" cb="0"/><line nr="96" mi="13" ci="0" mb="0" cb="0"/><line nr="99" mi="1" ci="0" mb="0" cb="0"/><counter type="INSTRUCTION" missed="228" covered="0"/><counter type="BRANCH" missed="4" covered="0"/><counter type="LINE" missed="35" covered="0"/><counter type="COMPLEXITY" missed="4" covered="0"/><counter type="METHOD" missed="2" covered="0"/><counter type="CLASS" missed="1" covered="0"/></sourcefile><sourcefile name="PetitionEndpoint.java"><line nr="53" mi="3" ci="0" mb="0" cb="0"/><line nr="55" mi="5" ci="0" mb="0" cb="0"/><line nr="59" mi="10" ci="0" mb="0" cb="0"/><line nr="64" mi="3" ci="0" mb="0" cb="0"/><line nr="65" mi="5" ci="0" mb="0" cb="0"/><line nr="66" mi="4" ci="0" mb="2" cb="0"/><line nr="67" mi="5" ci="0" mb="0" cb="0"/><line nr="69" mi="8" ci="0" mb="0" cb="0"/><line nr="70" mi="2" ci="0" mb="0" cb="0"/><line nr="71" mi="4" ci="0" mb="0" cb="0"/><line nr="74" mi="4" ci="0" mb="0" cb="0"/><line nr="75" mi="4" ci="0" mb="0" cb="0"/><line nr="77" mi="7" ci="0" mb="0" cb="0"/><line nr="81" mi="3" ci="0" mb="0" cb="0"/><line nr="82" mi="5" ci="0" mb="0" cb="0"/><line nr="83" mi="8" ci="0" mb="0" cb="0"/><line nr="84" mi="2" ci="0" mb="0" cb="0"/><line nr="85" mi="4" ci="0" mb="0" cb="0"/><line nr="86" mi="4" ci="0" mb="0" cb="0"/><line nr="87" mi="2" ci="0" mb="0" cb="0"/><line nr="92" mi="3" ci="0" mb="0" cb="0"/><line nr="93" mi="5" ci="0" mb="0" cb="0"/><line nr="94" mi="4" ci="0" mb="2" cb="0"/><line nr="95" mi="5" ci="0" mb="0" cb="0"/><line nr="97" mi="12" ci="0" mb="0" cb="0"/><line nr="98" mi="2" ci="0" mb="0" cb="0"/><line nr="99" mi="4" ci="0" mb="0" cb="0"/><line nr="102" mi="4" ci="0" mb="0" cb="0"/><line nr="103" mi="4" ci="0" mb="0" cb="0"/><line nr="106" mi="7" ci="0" mb="0" cb="0"/><line nr="111" mi="4" ci="0" mb="0" cb="0"/><line nr="112" mi="4" ci="0" mb="0" cb="0"/><line nr="113" mi="20" ci="0" mb="0" cb="0"/><line nr="114" mi="5" ci="0" mb="0" cb="0"/><line nr="115" mi="5" ci="0" mb="0" cb="0"/><line nr="116" mi="5" ci="0" mb="0" cb="0"/><line nr="117" mi="5" ci="0" mb="0" cb="0"/><line nr="118" mi="5" ci="0" mb="0" cb="0"/><line nr="119" mi="5" ci="0" mb="0" cb="0"/><line nr="120" mi="6" ci="0" mb="0" cb="0"/><line nr="121" mi="5" ci="0" mb="0" cb="0"/><line nr="122" mi="4" ci="0" mb="0" cb="0"/><line nr="123" mi="5" ci="0" mb="0" cb="0"/><line nr="124" mi="4" ci="0" mb="0" cb="0"/><line nr="125" mi="2" ci="0" mb="0" cb="0"/><line nr="126" mi="4" ci="0" mb="0" cb="0"/><line nr="127" mi="2" ci="0" mb="0" cb="0"/><line nr="150" mi="8" ci="0" mb="0" cb="0"/><line nr="152" mi="2" ci="0" mb="0" cb="0"/><line nr="153" mi="4" ci="0" mb="0" cb="0"/><line nr="154" mi="5" ci="0" mb="0" cb="0"/><line nr="155" mi="2" ci="0" mb="0" cb="0"/><line nr="160" mi="2" ci="0" mb="0" cb="0"/><line nr="161" mi="7" ci="0" mb="0" cb="0"/><line nr="162" mi="4" ci="0" mb="0" cb="0"/><line nr="163" mi="2" ci="0" mb="0" cb="0"/><line nr="167" mi="2" ci="0" mb="0" cb="0"/><line nr="168" mi="5" ci="0" mb="0" cb="0"/><line nr="169" mi="7" ci="0" mb="0" cb="0"/><line nr="170" mi="8" ci="0" mb="0" cb="0"/><line nr="171" mi="9" ci="0" mb="0" cb="0"/><line nr="172" mi="7" ci="0" mb="0" cb="0"/><line nr="175" mi="4" ci="0" mb="0" cb="0"/><line nr="176" mi="4" ci="0" mb="0" cb="0"/><line nr="178" mi="5" ci="0" mb="0" cb="0"/><line nr="179" mi="4" ci="0" mb="0" cb="0"/><line nr="182" mi="2" ci="0" mb="2" cb="0"/><line nr="184" mi="4" ci="0" mb="0" cb="0"/><line nr="186" mi="6" ci="0" mb="0" cb="0"/><line nr="187" mi="4" ci="0" mb="0" cb="0"/><line nr="188" mi="5" ci="0" mb="0" cb="0"/><line nr="190" mi="5" ci="0" mb="0" cb="0"/><line nr="191" mi="4" ci="0" mb="0" cb="0"/><line nr="192" mi="4" ci="0" mb="0" cb="0"/><line nr="193" mi="4" ci="0" mb="0" cb="0"/><line nr="195" mi="4" ci="0" mb="0" cb="0"/><line nr="196" mi="1" ci="0" mb="0" cb="0"/><line nr="197" mi="4" ci="0" mb="0" cb="0"/><line nr="202" mi="2" ci="0" mb="0" cb="0"/><counter type="INSTRUCTION" missed="372" covered="0"/><counter type="BRANCH" missed="6" covered="0"/><counter type="LINE" missed="79" covered="0"/><counter type="COMPLEXITY" missed="12" covered="0"/><counter type="METHOD" missed="9" covered="0"/><counter type="CLASS" missed="1" covered="0"/></sourcefile><sourcefile name="PetitionQuery.java"><line nr="36" mi="3" ci="0" mb="0" cb="0"/><line nr="41" mi="3" ci="0" mb="0" cb="0"/><line nr="42" mi="3" ci="0" mb="0" cb="0"/><line nr="45" mi="4" ci="0" mb="0" cb="0"/><line nr="47" mi="2" ci="0" mb="0" cb="0"/><line nr="48" mi="4" ci="0" mb="0" cb="0"/><line nr="50" mi="12" ci="0" mb="0" cb="0"/><line nr="52" mi="4" ci="0" mb="0" cb="0"/><line nr="53" mi="5" ci="0" mb="0" cb="0"/><line nr="55" mi="13" ci="0" mb="0" cb="0"/><line nr="56" mi="2" ci="0" mb="0" cb="0"/><line nr="57" mi="11" ci="0" mb="2" cb="0"/><line nr="58" mi="11" ci="0" mb="0" cb="0"/><line nr="59" mi="2" ci="0" mb="0" cb="0"/><line nr="62" mi="4" ci="0" mb="0" cb="0"/><line nr="66" mi="13" ci="0" mb="0" cb="0"/><line nr="68" mi="4" ci="0" mb="0" cb="0"/><line nr="69" mi="5" ci="0" mb="0" cb="0"/><line nr="71" mi="13" ci="0" mb="0" cb="0"/><line nr="72" mi="2" ci="0" mb="0" cb="0"/><line nr="73" mi="11" ci="0" mb="2" cb="0"/><line nr="74" mi="11" ci="0" mb="0" cb="0"/><line nr="75" mi="2" ci="0" mb="0" cb="0"/><line nr="79" mi="1" ci="0" mb="0" cb="0"/><counter type="INSTRUCTION" missed="145" covered="0"/><counter type="BRANCH" missed="4" covered="0"/><counter type="LINE" missed="24" covered="0"/><counter type="COMPLEXITY" missed="4" covered="0"/><counter type="METHOD" missed="2" covered="0"/><counter type="CLASS" missed="1" covered="0"/></sourcefile><sourcefile name="PrefixQuery.java"><line nr="36" mi="3" ci="0" mb="0" cb="0"/><line nr="41" mi="3" ci="0" mb="0" cb="0"/><line nr="42" mi="3" ci="0" mb="0" cb="0"/><line nr="44" mi="4" ci="0" mb="0" cb="0"/><line nr="47" mi="4" ci="0" mb="0" cb="0"/><line nr="48" mi="2" ci="0" mb="0" cb="0"/><line nr="49" mi="4" ci="0" mb="0" cb="0"/><line nr="52" mi="12" ci="0" mb="0" cb="0"/><line nr="54" mi="4" ci="0" mb="0" cb="0"/><line nr="55" mi="5" ci="0" mb="0" cb="0"/><line nr="57" mi="13" ci="0" mb="0" cb="0"/><line nr="58" mi="2" ci="0" mb="0" cb="0"/><line nr="59" mi="11" ci="0" mb="2" cb="0"/><line nr="60" mi="11" ci="0" mb="0" cb="0"/><line nr="61" mi="2" ci="0" mb="0" cb="0"/><line nr="64" mi="4" ci="0" mb="0" cb="0"/><line nr="66" mi="4" ci="0" mb="0" cb="0"/><line nr="67" mi="12" ci="0" mb="0" cb="0"/><line nr="69" mi="4" ci="0" mb="0" cb="0"/><line nr="70" mi="5" ci="0" mb="0" cb="0"/><line nr="72" mi="13" ci="0" mb="0" cb="0"/><line nr="73" mi="2" ci="0" mb="0" cb="0"/><line nr="74" mi="11" ci="0" mb="2" cb="0"/><line nr="75" mi="11" ci="0" mb="0" cb="0"/><line nr="76" mi="2" ci="0" mb="0" cb="0"/><line nr="80" mi="4" ci="0" mb="0" cb="0"/><line nr="82" mi="12" ci="0" mb="0" cb="0"/><line nr="84" mi="4" ci="0" mb="0" cb="0"/><line nr="85" mi="5" ci="0" mb="0" cb="0"/><line nr="87" mi="13" ci="0" mb="0" cb="0"/><line nr="88" mi="2" ci="0" mb="0" cb="0"/><line nr="89" mi="11" ci="0" mb="2" cb="0"/><line nr="90" mi="12" ci="0" mb="0" cb="0"/><line nr="91" mi="2" ci="0" mb="0" cb="0"/><line nr="97" mi="4" ci="0" mb="0" cb="0"/><line nr="100" mi="3" ci="0" mb="0" cb="0"/><line nr="101" mi="10" ci="0" mb="0" cb="0"/><line nr="102" mi="11" ci="0" mb="0" cb="0"/><line nr="103" mi="9" ci="0" mb="0" cb="0"/><line nr="104" mi="7" ci="0" mb="0" cb="0"/><line nr="106" mi="4" ci="0" mb="0" cb="0"/><line nr="107" mi="5" ci="0" mb="0" cb="0"/><line nr="108" mi="3" ci="0" mb="2" cb="0"/><line nr="109" mi="4" ci="0" mb="0" cb="0"/><line nr="112" mi="4" ci="0" mb="0" cb="0"/><line nr="113" mi="17" ci="0" mb="0" cb="0"/><line nr="116" mi="4" ci="0" mb="0" cb="0"/><line nr="117" mi="1" ci="0" mb="0" cb="0"/><counter type="INSTRUCTION" missed="302" covered="0"/><counter type="BRANCH" missed="8" covered="0"/><counter type="LINE" missed="48" covered="0"/><counter type="COMPLEXITY" missed="6" covered="0"/><counter type="METHOD" missed="2" covered="0"/><counter type="CLASS" missed="1" covered="0"/></sourcefile><sourcefile name="PrefixClean.java"><line nr="36" mi="3" ci="0" mb="0" cb="0"/><line nr="41" mi="3" ci="0" mb="0" cb="0"/><line nr="42" mi="3" ci="0" mb="0" cb="0"/><line nr="45" mi="2" ci="0" mb="0" cb="0"/><line nr="47" mi="5" ci="0" mb="0" cb="0"/><line nr="48" mi="4" ci="0" mb="0" cb="0"/><line nr="49" mi="4" ci="0" mb="0" cb="0"/><line nr="50" mi="11" ci="0" mb="2" cb="0"/><line nr="51" mi="9" ci="0" mb="0" cb="0"/><line nr="52" mi="13" ci="0" mb="0" cb="0"/><line nr="54" mi="1" ci="0" mb="0" cb="0"/><counter type="INSTRUCTION" missed="58" covered="0"/><counter type="BRANCH" missed="2" covered="0"/><counter type="LINE" missed="11" covered="0"/><counter type="COMPLEXITY" missed="3" covered="0"/><counter type="METHOD" missed="2" covered="0"/><counter type="CLASS" missed="1" covered="0"/></sourcefile><sourcefile name="PetitionServlet.java"><line nr="30" mi="3" ci="0" mb="0" cb="0"/><line nr="35" mi="3" ci="0" mb="0" cb="0"/><line nr="36" mi="3" ci="0" mb="0" cb="0"/><line nr="38" mi="4" ci="0" mb="0" cb="0"/><line nr="39" mi="2" ci="0" mb="0" cb="0"/><line nr="42" mi="7" ci="0" mb="2" cb="0"/><line nr="43" mi="7" ci="0" mb="2" cb="0"/><line nr="44" mi="18" ci="0" mb="0" cb="0"/><line nr="45" mi="10" ci="0" mb="0" cb="0"/><line nr="46" mi="14" ci="0" mb="0" cb="0"/><line nr="47" mi="4" ci="0" mb="0" cb="0"/><line nr="48" mi="13" ci="0" mb="0" cb="0"/><line nr="51" mi="1" ci="0" mb="0" cb="0"/><counter type="INSTRUCTION" missed="89" covered="0"/><counter type="BRANCH" missed="4" covered="0"/><counter type="LINE" missed="13" covered="0"/><counter type="COMPLEXITY" missed="4" covered="0"/><counter type="METHOD" missed="2" covered="0"/><counter type="CLASS" missed="1" covered="0"/></sourcefile><sourcefile name="Petition.java"><line nr="14" mi="3" ci="0" mb="0" cb="0"/><counter type="INSTRUCTION" missed="3" covered="0"/><counter type="LINE" missed="1" covered="0"/><counter type="COMPLEXITY" missed="1" covered="0"/><counter type="METHOD" missed="1" covered="0"/><counter type="CLASS" missed="1" covered="0"/></sourcefile><sourcefile name="FriendServlet.java"><line nr="30" mi="3" ci="0" mb="0" cb="0"/><line nr="35" mi="3" ci="0" mb="0" cb="0"/><line nr="36" mi="3" ci="0" mb="0" cb="0"/><line nr="38" mi="4" ci="0" mb="0" cb="0"/><line nr="41" mi="7" ci="0" mb="2" cb="0"/><line nr="42" mi="12" ci="0" mb="0" cb="0"/><line nr="43" mi="10" ci="0" mb="0" cb="0"/><line nr="44" mi="10" ci="0" mb="0" cb="0"/><line nr="45" mi="9" ci="0" mb="0" cb="0"/><line nr="48" mi="4" ci="0" mb="0" cb="0"/><line nr="49" mi="5" ci="0" mb="2" cb="0"/><line nr="50" mi="12" ci="0" mb="0" cb="0"/><line nr="52" mi="4" ci="0" mb="0" cb="0"/><line nr="54" mi="2" ci="0" mb="0" cb="0"/><line nr="55" mi="4" ci="0" mb="0" cb="0"/><line nr="57" mi="17" ci="0" mb="0" cb="0"/><line nr="60" mi="1" ci="0" mb="0" cb="0"/><counter type="INSTRUCTION" missed="110" covered="0"/><counter type="BRANCH" missed="4" covered="0"/><counter type="LINE" missed="17" covered="0"/><counter type="COMPLEXITY" missed="4" covered="0"/><counter type="METHOD" missed="2" covered="0"/><counter type="CLASS" missed="1" covered="0"/></sourcefile><sourcefile name="HelloAppEngine.java"><line nr="15" mi="0" ci="3" mb="0" cb="0"/><line nr="16" mi="0" ci="3" mb="0" cb="0"/><line nr="17" mi="0" ci="3" mb="0" cb="0"/><line nr="23" mi="0" ci="3" mb="0" cb="0"/><line nr="24" mi="0" ci="3" mb="0" cb="0"/><line nr="26" mi="0" ci="4" mb="0" cb="0"/><line nr="27" mi="0" ci="11" mb="0" cb="0"/><line nr="28" mi="0" ci="11" mb="0" cb="0"/><line nr="29" mi="0" ci="10" mb="0" cb="0"/><line nr="30" mi="0" ci="16" mb="0" cb="0"/><line nr="31" mi="0" ci="14" mb="0" cb="0"/><line nr="33" mi="0" ci="1" mb="0" cb="0"/><counter type="INSTRUCTION" missed="0" covered="82"/><counter type="LINE" missed="0" covered="12"/><counter type="COMPLEXITY" missed="0" covered="3"/><counter type="METHOD" missed="0" covered="3"/><counter type="CLASS" missed="0" covered="1"/></sourcefile><sourcefile name="UsersServlet.java"><line nr="37" mi="3" ci="0" mb="0" cb="0"/><line nr="41" mi="2" ci="0" mb="0" cb="0"/><line nr="43" mi="3" ci="0" mb="0" cb="0"/><line nr="45" mi="3" ci="0" mb="0" cb="0"/><line nr="46" mi="3" ci="0" mb="2" cb="0"/><line nr="47" mi="2" ci="0" mb="0" cb="0"/><line nr="48" mi="1" ci="0" mb="0" cb="0"/><line nr="49" mi="5" ci="0" mb="0" cb="0"/><line nr="50" mi="4" ci="0" mb="0" cb="0"/><line nr="51" mi="2" ci="0" mb="0" cb="0"/><line nr="52" mi="4" ci="0" mb="0" cb="0"/><line nr="53" mi="2" ci="0" mb="0" cb="0"/><line nr="54" mi="1" ci="0" mb="0" cb="0"/><line nr="55" mi="2" ci="0" mb="0" cb="0"/><line nr="56" mi="1" ci="0" mb="0" cb="0"/><line nr="57" mi="11" ci="0" mb="0" cb="0"/><line nr="59" mi="1" ci="0" mb="0" cb="0"/><counter type="INSTRUCTION" missed="50" covered="0"/><counter type="BRANCH" missed="2" covered="0"/><counter type="LINE" missed="17" covered="0"/><counter type="COMPLEXITY" missed="3" covered="0"/><counter type="METHOD" missed="2" covered="0"/><counter type="CLASS" missed="1" covered="0"/></sourcefile><sourcefile name="PrefixServlet.java"><line nr="34" mi="3" ci="0" mb="0" cb="0"/><line nr="36" mi="5" ci="0" mb="0" cb="0"/><line nr="40" mi="3" ci="0" mb="0" cb="0"/><line nr="41" mi="3" ci="0" mb="0" cb="0"/><line nr="42" mi="1" ci="0" mb="0" cb="0"/><line nr="43" mi="1" ci="0" mb="0" cb="0"/><line nr="44" mi="3" ci="0" mb="0" cb="0"/><line nr="45" mi="3" ci="0" mb="0" cb="0"/><line nr="51" mi="3" ci="0" mb="0" cb="0"/><line nr="52" mi="3" ci="0" mb="0" cb="0"/><line nr="54" mi="2" ci="0" mb="0" cb="0"/><line nr="57" mi="5" ci="0" mb="0" cb="0"/><line nr="58" mi="2" ci="0" mb="0" cb="0"/><line nr="63" mi="7" ci="0" mb="2" cb="0"/><line nr="64" mi="7" ci="0" mb="2" cb="0"/><line nr="65" mi="5" ci="0" mb="0" cb="0"/><line nr="66" mi="17" ci="0" mb="0" cb="0"/><line nr="67" mi="11" ci="0" mb="0" cb="0"/><line nr="68" mi="11" ci="0" mb="0" cb="0"/><line nr="69" mi="10" ci="0" mb="0" cb="0"/><line nr="70" mi="6" ci="0" mb="0" cb="0"/><line nr="73" mi="4" ci="0" mb="0" cb="0"/><line nr="74" mi="5" ci="0" mb="2" cb="0"/><line nr="75" mi="12" ci="0" mb="0" cb="0"/><line nr="77" mi="4" ci="0" mb="0" cb="0"/><line nr="79" mi="4" ci="0" mb="0" cb="0"/><line nr="80" mi="5" ci="0" mb="2" cb="0"/><line nr="81" mi="12" ci="0" mb="0" cb="0"/><line nr="83" mi="4" ci="0" mb="0" cb="0"/><line nr="84" mi="6" ci="0" mb="0" cb="0"/><line nr="86" mi="4" ci="0" mb="0" cb="0"/><line nr="87" mi="17" ci="0" mb="0" cb="0"/><line nr="91" mi="1" ci="0" mb="0" cb="0"/><counter type="INSTRUCTION" missed="189" covered="0"/><counter type="BRANCH" missed="8" covered="0"/><counter type="LINE" missed="33" covered="0"/><counter type="COMPLEXITY" missed="8" covered="0"/><counter type="METHOD" missed="4" covered="0"/><counter type="CLASS" missed="1" covered="0"/></sourcefile><counter type="INSTRUCTION" missed="3140" covered="82"/><counter type="BRANCH" missed="98" covered="0"/><counter type="LINE" missed="563" covered="12"/><counter type="COMPLEXITY" missed="107" covered="3"/><counter type="METHOD" missed="58" covered="3"/><counter type="CLASS" missed="25" covered="1"/></package><counter type="INSTRUCTION" missed="3140" covered="82"/><counter type="BRANCH" missed="98" covered="0"/><counter type="LINE" missed="563" covered="12"/><counter type="COMPLEXITY" missed="107" covered="3"/><counter type="METHOD" missed="58" covered="3"/><counter type="CLASS" missed="25" covered="1"/></report>